TN:
SF:src\api\v1\controllers\index.js
FNF:0
FNH:0
LF:0
LH:0
BRF:0
BRH:0
end_of_record
TN:
SF:src\api\v1\controllers\admin\brand.controller.js
FN:8,(anonymous_0)
FN:40,(anonymous_1)
FN:55,(anonymous_2)
FN:89,(anonymous_3)
FNF:4
FNH:0
FNDA:0,(anonymous_0)
FNDA:0,(anonymous_1)
FNDA:0,(anonymous_2)
FNDA:0,(anonymous_3)
DA:5,3
DA:8,3
DA:9,0
DA:10,0
DA:13,0
DA:14,0
DA:15,0
DA:19,0
DA:22,0
DA:28,0
DA:32,0
DA:33,0
DA:40,3
DA:41,0
DA:42,0
DA:43,0
DA:47,0
DA:48,0
DA:55,3
DA:56,0
DA:57,0
DA:58,0
DA:60,0
DA:61,0
DA:62,0
DA:68,0
DA:69,0
DA:72,0
DA:73,0
DA:74,0
DA:77,0
DA:79,0
DA:81,0
DA:82,0
DA:89,3
DA:90,0
DA:91,0
DA:93,0
DA:94,0
DA:95,0
DA:100,0
DA:101,0
DA:103,0
DA:104,0
LF:44
LH:5
BRDA:14,0,0,0
BRDA:14,0,1,0
BRDA:61,1,0,0
BRDA:61,1,1,0
BRDA:68,2,0,0
BRDA:68,2,1,0
BRDA:69,3,0,0
BRDA:69,3,1,0
BRDA:73,4,0,0
BRDA:73,4,1,0
BRDA:94,5,0,0
BRDA:94,5,1,0
BRF:12
BRH:0
end_of_record
TN:
SF:src\api\v1\controllers\admin\cart.controller.js
FN:8,(anonymous_0)
FN:35,(anonymous_1)
FN:73,(anonymous_2)
FN:115,(anonymous_3)
FN:145,(anonymous_4)
FNF:5
FNH:0
FNDA:0,(anonymous_0)
FNDA:0,(anonymous_1)
FNDA:0,(anonymous_2)
FNDA:0,(anonymous_3)
FNDA:0,(anonymous_4)
DA:5,3
DA:8,3
DA:9,0
DA:10,0
DA:21,0
DA:26,0
DA:27,0
DA:35,3
DA:36,0
DA:37,0
DA:39,0
DA:53,0
DA:54,0
DA:59,0
DA:64,0
DA:65,0
DA:73,3
DA:74,0
DA:75,0
DA:78,0
DA:79,0
DA:80,0
DA:85,0
DA:95,0
DA:96,0
DA:101,0
DA:106,0
DA:107,0
DA:115,3
DA:116,0
DA:117,0
DA:119,0
DA:120,0
DA:121,0
DA:127,0
DA:130,0
DA:132,0
DA:136,0
DA:137,0
DA:145,3
DA:146,0
DA:147,0
DA:150,0
DA:151,0
DA:152,0
DA:158,0
DA:159,0
DA:160,0
DA:165,0
DA:169,0
DA:174,0
DA:175,0
LF:52
LH:6
BRDA:53,0,0,0
BRDA:53,0,1,0
BRDA:79,1,0,0
BRDA:79,1,1,0
BRDA:95,2,0,0
BRDA:95,2,1,0
BRDA:120,3,0,0
BRDA:120,3,1,0
BRDA:151,4,0,0
BRDA:151,4,1,0
BRDA:159,5,0,0
BRDA:159,5,1,0
BRF:12
BRH:0
end_of_record
TN:
SF:src\api\v1\controllers\admin\category.controller.js
FN:8,(anonymous_0)
FN:38,(anonymous_1)
FN:51,(anonymous_2)
FN:96,(anonymous_3)
FN:132,(anonymous_4)
FNF:5
FNH:4
FNDA:1,(anonymous_0)
FNDA:0,(anonymous_1)
FNDA:2,(anonymous_2)
FNDA:2,(anonymous_3)
FNDA:2,(anonymous_4)
DA:5,3
DA:8,3
DA:9,1
DA:10,1
DA:13,1
DA:14,1
DA:15,0
DA:17,1
DA:19,1
DA:21,1
DA:29,1
DA:33,0
DA:34,0
DA:38,0
DA:43,0
DA:44,0
DA:51,3
DA:52,2
DA:54,2
DA:57,2
DA:59,2
DA:60,0
DA:61,0
DA:66,0
DA:67,0
DA:73,0
DA:78,2
DA:79,1
DA:84,1
DA:88,0
DA:89,0
DA:96,3
DA:97,2
DA:98,2
DA:99,2
DA:101,2
DA:102,2
DA:103,1
DA:107,1
DA:108,1
DA:109,1
DA:110,1
DA:113,1
DA:114,1
DA:115,1
DA:118,1
DA:120,1
DA:124,0
DA:125,0
DA:132,3
DA:133,2
DA:134,2
DA:136,2
DA:137,2
DA:138,1
DA:141,1
DA:142,1
DA:144,0
DA:145,0
LF:59
LH:42
BRDA:14,0,0,0
BRDA:14,0,1,1
BRDA:24,1,0,1
BRDA:24,1,1,0
BRDA:25,2,0,1
BRDA:25,2,1,1
BRDA:26,3,0,0
BRDA:26,3,1,1
BRDA:37,4,0,0
BRDA:37,4,1,0
BRDA:57,5,0,2
BRDA:57,5,1,0
BRDA:60,6,0,0
BRDA:60,6,1,0
BRDA:66,7,0,0
BRDA:66,7,1,0
BRDA:78,8,0,1
BRDA:78,8,1,1
BRDA:102,9,0,1
BRDA:102,9,1,1
BRDA:107,10,0,1
BRDA:107,10,1,0
BRDA:108,11,0,1
BRDA:108,11,1,0
BRDA:109,12,0,1
BRDA:109,12,1,1
BRDA:110,13,0,1
BRDA:110,13,1,1
BRDA:114,14,0,1
BRDA:114,14,1,0
BRDA:137,15,0,1
BRDA:137,15,1,1
BRF:32
BRH:19
end_of_record
TN:
SF:src\api\v1\controllers\admin\coupon.controller.js
FN:8,(anonymous_0)
FN:102,(anonymous_1)
FN:136,(anonymous_2)
FN:178,(anonymous_3)
FN:254,(anonymous_4)
FNF:5
FNH:0
FNDA:0,(anonymous_0)
FNDA:0,(anonymous_1)
FNDA:0,(anonymous_2)
FNDA:0,(anonymous_3)
FNDA:0,(anonymous_4)
DA:5,3
DA:8,3
DA:9,0
DA:27,0
DA:30,0
DA:33,0
DA:34,0
DA:40,0
DA:41,0
DA:42,0
DA:48,0
DA:49,0
DA:50,0
DA:51,0
DA:58,0
DA:59,0
DA:60,0
DA:61,0
DA:68,0
DA:88,0
DA:93,0
DA:94,0
DA:102,3
DA:103,0
DA:104,0
DA:122,0
DA:127,0
DA:128,0
DA:136,3
DA:137,0
DA:138,0
DA:140,0
DA:158,0
DA:159,0
DA:164,0
DA:169,0
DA:170,0
DA:178,3
DA:179,0
DA:180,0
DA:181,0
DA:184,0
DA:187,0
DA:188,0
DA:193,0
DA:194,0
DA:195,0
DA:201,0
DA:202,0
DA:205,0
DA:206,0
DA:213,0
DA:214,0
DA:215,0
DA:216,0
DA:223,0
DA:224,0
DA:227,0
DA:228,0
DA:235,0
DA:238,0
DA:240,0
DA:245,0
DA:246,0
DA:254,3
DA:255,0
DA:256,0
DA:259,0
DA:262,0
DA:263,0
DA:268,0
DA:269,0
DA:270,0
DA:276,0
DA:281,0
DA:285,0
DA:286,0
LF:77
LH:6
BRDA:33,0,0,0
BRDA:33,0,1,0
BRDA:41,1,0,0
BRDA:41,1,1,0
BRDA:48,2,0,0
BRDA:48,2,1,0
BRDA:50,3,0,0
BRDA:50,3,1,0
BRDA:58,4,0,0
BRDA:58,4,1,0
BRDA:60,5,0,0
BRDA:60,5,1,0
BRDA:158,6,0,0
BRDA:158,6,1,0
BRDA:187,7,0,0
BRDA:187,7,1,0
BRDA:194,8,0,0
BRDA:194,8,1,0
BRDA:201,9,0,0
BRDA:201,9,1,0
BRDA:201,10,0,0
BRDA:201,10,1,0
BRDA:205,11,0,0
BRDA:205,11,1,0
BRDA:213,12,0,0
BRDA:213,12,1,0
BRDA:215,13,0,0
BRDA:215,13,1,0
BRDA:223,14,0,0
BRDA:223,14,1,0
BRDA:227,15,0,0
BRDA:227,15,1,0
BRDA:262,16,0,0
BRDA:262,16,1,0
BRDA:269,17,0,0
BRDA:269,17,1,0
BRF:36
BRH:0
end_of_record
TN:
SF:src\api\v1\controllers\admin\couponUser.controller.js
FN:8,(anonymous_0)
FN:69,(anonymous_1)
FN:98,(anonymous_2)
FN:135,(anonymous_3)
FN:171,(anonymous_4)
FN:207,(anonymous_5)
FNF:6
FNH:0
FNDA:0,(anonymous_0)
FNDA:0,(anonymous_1)
FNDA:0,(anonymous_2)
FNDA:0,(anonymous_3)
FNDA:0,(anonymous_4)
FNDA:0,(anonymous_5)
DA:5,3
DA:8,3
DA:9,0
DA:10,0
DA:13,0
DA:16,0
DA:17,0
DA:23,0
DA:24,0
DA:25,0
DA:31,0
DA:32,0
DA:33,0
DA:39,0
DA:43,0
DA:44,0
DA:50,0
DA:55,0
DA:60,0
DA:61,0
DA:69,3
DA:70,0
DA:71,0
DA:84,0
DA:89,0
DA:90,0
DA:98,3
DA:99,0
DA:100,0
DA:102,0
DA:115,0
DA:116,0
DA:121,0
DA:126,0
DA:127,0
DA:135,3
DA:136,0
DA:137,0
DA:140,0
DA:141,0
DA:142,0
DA:147,0
DA:157,0
DA:162,0
DA:163,0
DA:171,3
DA:172,0
DA:173,0
DA:176,0
DA:177,0
DA:178,0
DA:183,0
DA:193,0
DA:198,0
DA:199,0
DA:207,3
DA:208,0
DA:209,0
DA:212,0
DA:215,0
DA:216,0
DA:221,0
DA:222,0
DA:223,0
DA:229,0
DA:231,0
DA:235,0
DA:236,0
LF:68
LH:7
BRDA:16,0,0,0
BRDA:16,0,1,0
BRDA:24,1,0,0
BRDA:24,1,1,0
BRDA:32,2,0,0
BRDA:32,2,1,0
BRDA:43,3,0,0
BRDA:43,3,1,0
BRDA:115,4,0,0
BRDA:115,4,1,0
BRDA:141,5,0,0
BRDA:141,5,1,0
BRDA:177,6,0,0
BRDA:177,6,1,0
BRDA:215,7,0,0
BRDA:215,7,1,0
BRDA:222,8,0,0
BRDA:222,8,1,0
BRF:18
BRH:0
end_of_record
TN:
SF:src\api\v1\controllers\admin\discountRule.controller.js
FN:9,(anonymous_0)
FN:109,(anonymous_1)
FN:170,(anonymous_2)
FN:216,(anonymous_3)
FN:371,(anonymous_4)
FNF:5
FNH:0
FNDA:0,(anonymous_0)
FNDA:0,(anonymous_1)
FNDA:0,(anonymous_2)
FNDA:0,(anonymous_3)
FNDA:0,(anonymous_4)
DA:6,3
DA:9,3
DA:10,0
DA:23,0
DA:26,0
DA:30,0
DA:32,0
DA:33,0
DA:39,0
DA:40,0
DA:47,0
DA:51,0
DA:57,0
DA:58,0
DA:63,0
DA:67,0
DA:73,0
DA:74,0
DA:80,0
DA:95,0
DA:100,0
DA:101,0
DA:109,3
DA:110,0
DA:118,0
DA:121,0
DA:123,0
DA:124,0
DA:125,0
DA:126,0
DA:127,0
DA:128,0
DA:129,0
DA:130,0
DA:132,0
DA:156,0
DA:161,0
DA:162,0
DA:170,3
DA:171,0
DA:172,0
DA:174,0
DA:196,0
DA:197,0
DA:202,0
DA:207,0
DA:208,0
DA:216,3
DA:217,0
DA:218,0
DA:231,0
DA:234,0
DA:237,0
DA:238,0
DA:244,0
DA:245,0
DA:246,0
DA:252,0
DA:253,0
DA:260,0
DA:266,0
DA:271,0
DA:276,0
DA:281,0
DA:287,0
DA:292,0
DA:299,0
DA:335,0
DA:357,0
DA:362,0
DA:363,0
DA:371,3
DA:372,0
DA:373,0
DA:376,0
DA:379,0
DA:380,0
DA:386,0
DA:387,0
DA:388,0
DA:394,0
DA:396,0
DA:400,0
DA:401,0
LF:84
LH:6
BRDA:32,0,0,0
BRDA:32,0,1,0
BRDA:39,1,0,0
BRDA:39,1,1,0
BRDA:39,2,0,0
BRDA:39,2,1,0
BRDA:39,2,2,0
BRDA:39,2,3,0
BRDA:47,3,0,0
BRDA:47,3,1,0
BRDA:48,4,0,0
BRDA:48,4,1,0
BRDA:48,4,2,0
BRDA:57,5,0,0
BRDA:57,5,1,0
BRDA:57,6,0,0
BRDA:57,6,1,0
BRDA:63,7,0,0
BRDA:63,7,1,0
BRDA:64,8,0,0
BRDA:64,8,1,0
BRDA:64,8,2,0
BRDA:73,9,0,0
BRDA:73,9,1,0
BRDA:73,10,0,0
BRDA:73,10,1,0
BRDA:123,11,0,0
BRDA:123,11,1,0
BRDA:124,12,0,0
BRDA:124,12,1,0
BRDA:125,13,0,0
BRDA:125,13,1,0
BRDA:126,14,0,0
BRDA:126,14,1,0
BRDA:127,15,0,0
BRDA:127,15,1,0
BRDA:129,16,0,0
BRDA:129,16,1,0
BRDA:196,17,0,0
BRDA:196,17,1,0
BRDA:237,18,0,0
BRDA:237,18,1,0
BRDA:245,19,0,0
BRDA:245,19,1,0
BRDA:252,20,0,0
BRDA:252,20,1,0
BRDA:253,21,0,0
BRDA:253,21,1,0
BRDA:254,22,0,0
BRDA:254,22,1,0
BRDA:254,22,2,0
BRDA:254,22,3,0
BRDA:254,22,4,0
BRDA:266,23,0,0
BRDA:266,23,1,0
BRDA:267,24,0,0
BRDA:267,24,1,0
BRDA:267,24,2,0
BRDA:276,25,0,0
BRDA:276,25,1,0
BRDA:277,26,0,0
BRDA:277,26,1,0
BRDA:277,26,2,0
BRDA:277,26,3,0
BRDA:277,26,4,0
BRDA:287,27,0,0
BRDA:287,27,1,0
BRDA:288,28,0,0
BRDA:288,28,1,0
BRDA:288,28,2,0
BRDA:300,29,0,0
BRDA:300,29,1,0
BRDA:302,30,0,0
BRDA:302,30,1,0
BRDA:304,31,0,0
BRDA:304,31,1,0
BRDA:305,32,0,0
BRDA:305,32,1,0
BRDA:307,33,0,0
BRDA:307,33,1,0
BRDA:311,34,0,0
BRDA:311,34,1,0
BRDA:315,35,0,0
BRDA:315,35,1,0
BRDA:319,36,0,0
BRDA:319,36,1,0
BRDA:323,37,0,0
BRDA:323,37,1,0
BRDA:327,38,0,0
BRDA:327,38,1,0
BRDA:330,39,0,0
BRDA:330,39,1,0
BRDA:379,40,0,0
BRDA:379,40,1,0
BRDA:387,41,0,0
BRDA:387,41,1,0
BRF:96
BRH:0
end_of_record
TN:
SF:src\api\v1\controllers\admin\product.controller.js
FN:10,(anonymous_0)
FN:72,(anonymous_1)
FN:100,(anonymous_2)
FN:136,(anonymous_3)
FN:174,(anonymous_4)
FN:214,(anonymous_5)
FN:293,(anonymous_6)
FNF:7
FNH:0
FNDA:0,(anonymous_0)
FNDA:0,(anonymous_1)
FNDA:0,(anonymous_2)
FNDA:0,(anonymous_3)
FNDA:0,(anonymous_4)
FNDA:0,(anonymous_5)
FNDA:0,(anonymous_6)
DA:7,3
DA:10,3
DA:11,0
DA:13,0
DA:14,0
DA:15,0
DA:21,0
DA:22,0
DA:23,0
DA:29,0
DA:30,0
DA:31,0
DA:32,0
DA:39,0
DA:40,0
DA:41,0
DA:44,0
DA:45,0
DA:47,0
DA:52,0
DA:58,0
DA:63,0
DA:64,0
DA:72,3
DA:73,0
DA:74,0
DA:86,0
DA:91,0
DA:92,0
DA:100,3
DA:101,0
DA:102,0
DA:104,0
DA:116,0
DA:117,0
DA:122,0
DA:127,0
DA:128,0
DA:136,3
DA:137,0
DA:138,0
DA:141,0
DA:142,0
DA:143,0
DA:148,0
DA:160,0
DA:165,0
DA:166,0
DA:174,3
DA:175,0
DA:176,0
DA:179,0
DA:180,0
DA:181,0
DA:183,0
DA:200,0
DA:205,0
DA:206,0
DA:214,3
DA:215,0
DA:216,0
DA:219,0
DA:220,0
DA:221,0
DA:227,0
DA:228,0
DA:229,0
DA:235,0
DA:236,0
DA:237,0
DA:238,0
DA:245,0
DA:246,0
DA:247,0
DA:248,0
DA:255,0
DA:256,0
DA:259,0
DA:266,0
DA:268,0
DA:275,0
DA:279,0
DA:284,0
DA:285,0
DA:293,3
DA:294,0
DA:295,0
DA:298,0
DA:299,0
DA:300,0
DA:306,0
DA:308,0
DA:312,0
DA:313,0
LF:94
LH:8
BRDA:14,0,0,0
BRDA:14,0,1,0
BRDA:22,1,0,0
BRDA:22,1,1,0
BRDA:29,2,0,0
BRDA:29,2,1,0
BRDA:31,3,0,0
BRDA:31,3,1,0
BRDA:40,4,0,0
BRDA:40,4,1,0
BRDA:45,5,0,0
BRDA:45,5,1,0
BRDA:116,6,0,0
BRDA:116,6,1,0
BRDA:142,7,0,0
BRDA:142,7,1,0
BRDA:180,8,0,0
BRDA:180,8,1,0
BRDA:181,9,0,0
BRDA:181,9,1,0
BRDA:220,10,0,0
BRDA:220,10,1,0
BRDA:228,11,0,0
BRDA:228,11,1,0
BRDA:235,12,0,0
BRDA:235,12,1,0
BRDA:237,13,0,0
BRDA:237,13,1,0
BRDA:245,14,0,0
BRDA:245,14,1,0
BRDA:247,15,0,0
BRDA:247,15,1,0
BRDA:255,16,0,0
BRDA:255,16,1,0
BRDA:255,17,0,0
BRDA:255,17,1,0
BRDA:255,17,2,0
BRDA:266,18,0,0
BRDA:266,18,1,0
BRDA:299,19,0,0
BRDA:299,19,1,0
BRF:41
BRH:0
end_of_record
TN:
SF:src\api\v1\controllers\admin\productAttributes.controller.js
FN:8,(anonymous_0)
FN:41,(anonymous_1)
FN:70,(anonymous_2)
FN:108,(anonymous_3)
FN:150,(anonymous_4)
FNF:5
FNH:0
FNDA:0,(anonymous_0)
FNDA:0,(anonymous_1)
FNDA:0,(anonymous_2)
FNDA:0,(anonymous_3)
FNDA:0,(anonymous_4)
DA:5,3
DA:8,3
DA:9,0
DA:10,0
DA:13,0
DA:14,0
DA:15,0
DA:19,0
DA:22,0
DA:29,0
DA:33,0
DA:34,0
DA:41,3
DA:42,0
DA:43,0
DA:57,0
DA:62,0
DA:63,0
DA:70,3
DA:71,0
DA:72,0
DA:74,0
DA:89,0
DA:90,0
DA:95,0
DA:100,0
DA:101,0
DA:108,3
DA:109,0
DA:110,0
DA:111,0
DA:113,0
DA:114,0
DA:115,0
DA:121,0
DA:122,0
DA:123,0
DA:129,0
DA:130,0
DA:131,0
DA:132,0
DA:134,0
DA:136,0
DA:138,0
DA:142,0
DA:143,0
DA:150,3
DA:151,0
DA:152,0
DA:154,0
DA:155,0
DA:156,0
DA:161,0
DA:163,0
DA:165,0
DA:166,0
LF:56
LH:6
BRDA:14,0,0,0
BRDA:14,0,1,0
BRDA:25,1,0,0
BRDA:25,1,1,0
BRDA:89,2,0,0
BRDA:89,2,1,0
BRDA:114,3,0,0
BRDA:114,3,1,0
BRDA:122,4,0,0
BRDA:122,4,1,0
BRDA:129,5,0,0
BRDA:129,5,1,0
BRDA:130,6,0,0
BRDA:130,6,1,0
BRDA:131,7,0,0
BRDA:131,7,1,0
BRDA:155,8,0,0
BRDA:155,8,1,0
BRF:18
BRH:0
end_of_record
TN:
SF:src\api\v1\controllers\admin\productAttributesValues.controller.js
FN:8,(anonymous_0)
FN:49,(anonymous_1)
FN:79,(anonymous_2)
FN:119,(anonymous_3)
FN:157,(anonymous_4)
FN:211,(anonymous_5)
FNF:6
FNH:0
FNDA:0,(anonymous_0)
FNDA:0,(anonymous_1)
FNDA:0,(anonymous_2)
FNDA:0,(anonymous_3)
FNDA:0,(anonymous_4)
FNDA:0,(anonymous_5)
DA:5,3
DA:8,3
DA:9,0
DA:10,0
DA:13,0
DA:14,0
DA:15,0
DA:21,0
DA:22,0
DA:23,0
DA:28,0
DA:31,0
DA:37,0
DA:41,0
DA:42,0
DA:49,3
DA:50,0
DA:51,0
DA:67,0
DA:71,0
DA:72,0
DA:79,3
DA:80,0
DA:81,0
DA:84,0
DA:85,0
DA:86,0
DA:91,0
DA:107,0
DA:111,0
DA:112,0
DA:119,3
DA:120,0
DA:121,0
DA:123,0
DA:139,0
DA:140,0
DA:145,0
DA:149,0
DA:150,0
DA:157,3
DA:158,0
DA:159,0
DA:160,0
DA:162,0
DA:163,0
DA:164,0
DA:170,0
DA:175,0
DA:178,0
DA:179,0
DA:186,0
DA:187,0
DA:188,0
DA:194,0
DA:195,0
DA:197,0
DA:199,0
DA:203,0
DA:204,0
DA:211,3
DA:212,0
DA:213,0
DA:215,0
DA:216,0
DA:217,0
DA:222,0
DA:224,0
DA:226,0
DA:227,0
LF:70
LH:7
BRDA:14,0,0,0
BRDA:14,0,1,0
BRDA:22,1,0,0
BRDA:22,1,1,0
BRDA:85,2,0,0
BRDA:85,2,1,0
BRDA:139,3,0,0
BRDA:139,3,1,0
BRDA:163,4,0,0
BRDA:163,4,1,0
BRDA:170,5,0,0
BRDA:170,5,1,0
BRDA:171,6,0,0
BRDA:171,6,1,0
BRDA:178,7,0,0
BRDA:178,7,1,0
BRDA:187,8,0,0
BRDA:187,8,1,0
BRDA:194,9,0,0
BRDA:194,9,1,0
BRDA:216,10,0,0
BRDA:216,10,1,0
BRF:22
BRH:0
end_of_record
TN:
SF:src\api\v1\controllers\admin\productMedia.controller.js
FN:8,(anonymous_0)
FN:60,(anonymous_1)
FN:83,(anonymous_2)
FN:114,(anonymous_3)
FN:147,(anonymous_4)
FN:180,(anonymous_5)
FN:241,(anonymous_6)
FNF:7
FNH:0
FNDA:0,(anonymous_0)
FNDA:0,(anonymous_1)
FNDA:0,(anonymous_2)
FNDA:0,(anonymous_3)
FNDA:0,(anonymous_4)
FNDA:0,(anonymous_5)
FNDA:0,(anonymous_6)
DA:5,3
DA:8,3
DA:9,0
DA:10,0
DA:13,0
DA:14,0
DA:15,0
DA:21,0
DA:22,0
DA:23,0
DA:24,0
DA:31,0
DA:32,0
DA:33,0
DA:38,0
DA:41,0
DA:48,0
DA:52,0
DA:53,0
DA:60,3
DA:61,0
DA:62,0
DA:71,0
DA:75,0
DA:76,0
DA:83,3
DA:84,0
DA:85,0
DA:87,0
DA:96,0
DA:97,0
DA:102,0
DA:106,0
DA:107,0
DA:114,3
DA:115,0
DA:116,0
DA:119,0
DA:120,0
DA:121,0
DA:126,0
DA:135,0
DA:139,0
DA:140,0
DA:147,3
DA:148,0
DA:149,0
DA:152,0
DA:153,0
DA:154,0
DA:159,0
DA:168,0
DA:172,0
DA:173,0
DA:180,3
DA:181,0
DA:182,0
DA:183,0
DA:185,0
DA:186,0
DA:187,0
DA:193,0
DA:194,0
DA:195,0
DA:196,0
DA:203,0
DA:204,0
DA:205,0
DA:206,0
DA:213,0
DA:214,0
DA:215,0
DA:221,0
DA:222,0
DA:223,0
DA:224,0
DA:225,0
DA:227,0
DA:229,0
DA:233,0
DA:234,0
DA:241,3
DA:242,0
DA:243,0
DA:245,0
DA:246,0
DA:247,0
DA:252,0
DA:254,0
DA:256,0
DA:257,0
LF:91
LH:8
BRDA:14,0,0,0
BRDA:14,0,1,0
BRDA:21,1,0,0
BRDA:21,1,1,0
BRDA:23,2,0,0
BRDA:23,2,1,0
BRDA:32,3,0,0
BRDA:32,3,1,0
BRDA:44,4,0,0
BRDA:44,4,1,0
BRDA:96,5,0,0
BRDA:96,5,1,0
BRDA:120,6,0,0
BRDA:120,6,1,0
BRDA:153,7,0,0
BRDA:153,7,1,0
BRDA:186,8,0,0
BRDA:186,8,1,0
BRDA:193,9,0,0
BRDA:193,9,1,0
BRDA:195,10,0,0
BRDA:195,10,1,0
BRDA:203,11,0,0
BRDA:203,11,1,0
BRDA:205,12,0,0
BRDA:205,12,1,0
BRDA:214,13,0,0
BRDA:214,13,1,0
BRDA:221,14,0,0
BRDA:221,14,1,0
BRDA:222,15,0,0
BRDA:222,15,1,0
BRDA:224,16,0,0
BRDA:224,16,1,0
BRDA:246,17,0,0
BRDA:246,17,1,0
BRF:36
BRH:0
end_of_record
TN:
SF:src\api\v1\controllers\admin\productMediaUrl.controller.js
FN:8,(anonymous_0)
FN:49,(anonymous_1)
FN:71,(anonymous_2)
FN:100,(anonymous_3)
FN:132,(anonymous_4)
FN:183,(anonymous_5)
FNF:6
FNH:0
FNDA:0,(anonymous_0)
FNDA:0,(anonymous_1)
FNDA:0,(anonymous_2)
FNDA:0,(anonymous_3)
FNDA:0,(anonymous_4)
FNDA:0,(anonymous_5)
DA:5,3
DA:8,3
DA:9,0
DA:10,0
DA:13,0
DA:14,0
DA:15,0
DA:21,0
DA:22,0
DA:23,0
DA:27,0
DA:30,0
DA:37,0
DA:41,0
DA:42,0
DA:49,3
DA:50,0
DA:51,0
DA:59,0
DA:63,0
DA:64,0
DA:71,3
DA:72,0
DA:73,0
DA:74,0
DA:82,0
DA:83,0
DA:88,0
DA:92,0
DA:93,0
DA:100,3
DA:101,0
DA:102,0
DA:105,0
DA:106,0
DA:107,0
DA:112,0
DA:120,0
DA:124,0
DA:125,0
DA:132,3
DA:133,0
DA:134,0
DA:135,0
DA:137,0
DA:138,0
DA:139,0
DA:145,0
DA:146,0
DA:147,0
DA:148,0
DA:155,0
DA:156,0
DA:157,0
DA:163,0
DA:164,0
DA:165,0
DA:166,0
DA:167,0
DA:169,0
DA:171,0
DA:175,0
DA:176,0
DA:183,3
DA:184,0
DA:185,0
DA:187,0
DA:188,0
DA:189,0
DA:194,0
DA:195,0
DA:197,0
DA:198,0
LF:73
LH:7
BRDA:14,0,0,0
BRDA:14,0,1,0
BRDA:22,1,0,0
BRDA:22,1,1,0
BRDA:33,2,0,0
BRDA:33,2,1,0
BRDA:82,3,0,0
BRDA:82,3,1,0
BRDA:106,4,0,0
BRDA:106,4,1,0
BRDA:138,5,0,0
BRDA:138,5,1,0
BRDA:145,6,0,0
BRDA:145,6,1,0
BRDA:147,7,0,0
BRDA:147,7,1,0
BRDA:156,8,0,0
BRDA:156,8,1,0
BRDA:163,9,0,0
BRDA:163,9,1,0
BRDA:164,10,0,0
BRDA:164,10,1,0
BRDA:166,11,0,0
BRDA:166,11,1,0
BRDA:188,12,0,0
BRDA:188,12,1,0
BRF:26
BRH:0
end_of_record
TN:
SF:src\api\v1\controllers\admin\productVariant.controller.js
FN:9,(anonymous_0)
FN:79,(anonymous_1)
FN:106,(anonymous_2)
FN:141,(anonymous_3)
FN:178,(anonymous_4)
FN:262,(anonymous_5)
FNF:6
FNH:0
FNDA:0,(anonymous_0)
FNDA:0,(anonymous_1)
FNDA:0,(anonymous_2)
FNDA:0,(anonymous_3)
FNDA:0,(anonymous_4)
FNDA:0,(anonymous_5)
DA:6,3
DA:9,3
DA:10,0
DA:12,0
DA:13,0
DA:14,0
DA:20,0
DA:21,0
DA:22,0
DA:28,0
DA:34,0
DA:36,0
DA:40,0
DA:41,0
DA:47,0
DA:51,0
DA:65,0
DA:70,0
DA:71,0
DA:79,3
DA:80,0
DA:81,0
DA:92,0
DA:97,0
DA:98,0
DA:106,3
DA:107,0
DA:108,0
DA:110,0
DA:121,0
DA:122,0
DA:127,0
DA:132,0
DA:133,0
DA:141,3
DA:142,0
DA:143,0
DA:146,0
DA:147,0
DA:148,0
DA:153,0
DA:164,0
DA:169,0
DA:170,0
DA:178,3
DA:179,0
DA:180,0
DA:183,0
DA:184,0
DA:185,0
DA:191,0
DA:192,0
DA:193,0
DA:199,0
DA:200,0
DA:201,0
DA:202,0
DA:209,0
DA:215,0
DA:217,0
DA:221,0
DA:222,0
DA:228,0
DA:232,0
DA:248,0
DA:253,0
DA:254,0
DA:262,3
DA:263,0
DA:264,0
DA:267,0
DA:268,0
DA:269,0
DA:275,0
DA:277,0
DA:281,0
DA:282,0
LF:77
LH:7
BRDA:13,0,0,0
BRDA:13,0,1,0
BRDA:21,1,0,0
BRDA:21,1,1,0
BRDA:34,2,0,0
BRDA:34,2,1,0
BRDA:34,3,0,0
BRDA:34,3,1,0
BRDA:40,4,0,0
BRDA:40,4,1,0
BRDA:121,5,0,0
BRDA:121,5,1,0
BRDA:147,6,0,0
BRDA:147,6,1,0
BRDA:184,7,0,0
BRDA:184,7,1,0
BRDA:192,8,0,0
BRDA:192,8,1,0
BRDA:199,9,0,0
BRDA:199,9,1,0
BRDA:201,10,0,0
BRDA:201,10,1,0
BRDA:215,11,0,0
BRDA:215,11,1,0
BRDA:221,12,0,0
BRDA:221,12,1,0
BRDA:268,13,0,0
BRDA:268,13,1,0
BRF:28
BRH:0
end_of_record
TN:
SF:src\api\v1\controllers\admin\productVariantAttributeValues.controller.js
FN:8,(anonymous_0)
FN:87,(anonymous_1)
FN:121,(anonymous_2)
FN:163,(anonymous_3)
FN:194,(anonymous_4)
FN:225,(anonymous_5)
FN:306,(anonymous_6)
FNF:7
FNH:0
FNDA:0,(anonymous_0)
FNDA:0,(anonymous_1)
FNDA:0,(anonymous_2)
FNDA:0,(anonymous_3)
FNDA:0,(anonymous_4)
FNDA:0,(anonymous_5)
FNDA:0,(anonymous_6)
DA:5,3
DA:8,3
DA:9,0
DA:11,0
DA:12,0
DA:13,0
DA:19,0
DA:20,0
DA:21,0
DA:27,0
DA:30,0
DA:31,0
DA:37,0
DA:44,0
DA:45,0
DA:51,0
DA:58,0
DA:73,0
DA:78,0
DA:79,0
DA:87,3
DA:88,0
DA:89,0
DA:107,0
DA:112,0
DA:113,0
DA:121,3
DA:122,0
DA:123,0
DA:125,0
DA:143,0
DA:144,0
DA:149,0
DA:154,0
DA:155,0
DA:163,3
DA:164,0
DA:165,0
DA:168,0
DA:169,0
DA:170,0
DA:175,0
DA:180,0
DA:185,0
DA:186,0
DA:194,3
DA:195,0
DA:196,0
DA:199,0
DA:200,0
DA:201,0
DA:206,0
DA:211,0
DA:216,0
DA:217,0
DA:225,3
DA:226,0
DA:227,0
DA:230,0
DA:231,0
DA:232,0
DA:238,0
DA:239,0
DA:240,0
DA:246,0
DA:247,0
DA:250,0
DA:251,0
DA:257,0
DA:258,0
DA:261,0
DA:262,0
DA:269,0
DA:275,0
DA:292,0
DA:297,0
DA:298,0
DA:306,3
DA:307,0
DA:308,0
DA:311,0
DA:312,0
DA:313,0
DA:319,0
DA:321,0
DA:325,0
DA:326,0
LF:87
LH:8
BRDA:12,0,0,0
BRDA:12,0,1,0
BRDA:20,1,0,0
BRDA:20,1,1,0
BRDA:30,2,0,0
BRDA:30,2,1,0
BRDA:44,3,0,0
BRDA:44,3,1,0
BRDA:143,4,0,0
BRDA:143,4,1,0
BRDA:169,5,0,0
BRDA:169,5,1,0
BRDA:200,6,0,0
BRDA:200,6,1,0
BRDA:231,7,0,0
BRDA:231,7,1,0
BRDA:239,8,0,0
BRDA:239,8,1,0
BRDA:246,9,0,0
BRDA:246,9,1,0
BRDA:250,10,0,0
BRDA:250,10,1,0
BRDA:257,11,0,0
BRDA:257,11,1,0
BRDA:261,12,0,0
BRDA:261,12,1,0
BRDA:312,13,0,0
BRDA:312,13,1,0
BRF:28
BRH:0
end_of_record
TN:
SF:src\api\v1\controllers\admin\review.controller.js
FN:5,(anonymous_0)
FN:37,(anonymous_1)
FNF:2
FNH:0
FNDA:0,(anonymous_0)
FNDA:0,(anonymous_1)
DA:2,3
DA:5,3
DA:6,0
DA:7,0
DA:10,0
DA:11,0
DA:15,0
DA:16,0
DA:19,0
DA:20,0
DA:22,0
DA:29,0
DA:31,0
DA:32,0
DA:37,3
DA:38,0
DA:39,0
DA:40,0
DA:42,0
DA:43,0
DA:44,0
DA:47,0
DA:48,0
DA:50,0
DA:51,0
DA:52,0
DA:54,0
DA:56,0
DA:57,0
LF:29
LH:3
BRDA:11,0,0,0
BRDA:11,0,1,0
BRDA:15,1,0,0
BRDA:15,1,1,0
BRDA:15,2,0,0
BRDA:15,2,1,0
BRDA:20,3,0,0
BRDA:20,3,1,0
BRDA:43,4,0,0
BRDA:43,4,1,0
BRDA:43,5,0,0
BRDA:43,5,1,0
BRDA:48,6,0,0
BRDA:48,6,1,0
BRDA:50,7,0,0
BRDA:50,7,1,0
BRDA:51,8,0,0
BRDA:51,8,1,0
BRF:18
BRH:0
end_of_record
TN:
SF:src\api\v1\controllers\admin\stockAlert.controller.js
FN:8,(anonymous_0)
FN:54,(anonymous_1)
FN:101,(anonymous_2)
FN:157,(anonymous_3)
FN:230,(anonymous_4)
FN:279,(anonymous_5)
FNF:6
FNH:0
FNDA:0,(anonymous_0)
FNDA:0,(anonymous_1)
FNDA:0,(anonymous_2)
FNDA:0,(anonymous_3)
FNDA:0,(anonymous_4)
FNDA:0,(anonymous_5)
DA:5,3
DA:8,3
DA:9,0
DA:10,0
DA:13,0
DA:15,0
DA:40,0
DA:45,0
DA:46,0
DA:54,3
DA:55,0
DA:56,0
DA:58,0
DA:81,0
DA:82,0
DA:87,0
DA:92,0
DA:93,0
DA:101,3
DA:102,0
DA:103,0
DA:106,0
DA:107,0
DA:108,0
DA:114,0
DA:115,0
DA:116,0
DA:122,0
DA:123,0
DA:124,0
DA:130,0
DA:139,0
DA:143,0
DA:148,0
DA:149,0
DA:157,3
DA:158,0
DA:159,0
DA:160,0
DA:163,0
DA:164,0
DA:165,0
DA:171,0
DA:172,0
DA:173,0
DA:174,0
DA:181,0
DA:182,0
DA:183,0
DA:184,0
DA:191,0
DA:192,0
DA:193,0
DA:199,0
DA:208,0
DA:216,0
DA:221,0
DA:222,0
DA:230,3
DA:231,0
DA:232,0
DA:235,0
DA:236,0
DA:237,0
DA:243,0
DA:244,0
DA:245,0
DA:251,0
DA:252,0
DA:253,0
DA:256,0
DA:265,0
DA:270,0
DA:271,0
DA:279,3
DA:280,0
DA:281,0
DA:284,0
DA:285,0
DA:286,0
DA:292,0
DA:294,0
DA:298,0
DA:299,0
LF:84
LH:7
BRDA:13,0,0,0
BRDA:13,0,1,0
BRDA:81,1,0,0
BRDA:81,1,1,0
BRDA:107,2,0,0
BRDA:107,2,1,0
BRDA:115,3,0,0
BRDA:115,3,1,0
BRDA:123,4,0,0
BRDA:123,4,1,0
BRDA:134,5,0,0
BRDA:134,5,1,0
BRDA:164,6,0,0
BRDA:164,6,1,0
BRDA:171,7,0,0
BRDA:171,7,1,0
BRDA:173,8,0,0
BRDA:173,8,1,0
BRDA:181,9,0,0
BRDA:181,9,1,0
BRDA:183,10,0,0
BRDA:183,10,1,0
BRDA:192,11,0,0
BRDA:192,11,1,0
BRDA:200,12,0,0
BRDA:200,12,1,0
BRDA:201,13,0,0
BRDA:201,13,1,0
BRDA:202,14,0,0
BRDA:202,14,1,0
BRDA:203,15,0,0
BRDA:203,15,1,0
BRDA:236,16,0,0
BRDA:236,16,1,0
BRDA:244,17,0,0
BRDA:244,17,1,0
BRDA:285,18,0,0
BRDA:285,18,1,0
BRF:38
BRH:0
end_of_record
TN:
SF:src\api\v1\controllers\admin\user.controller.js
FN:6,(anonymous_0)
FN:20,(anonymous_1)
FNF:2
FNH:0
FNDA:0,(anonymous_0)
FNDA:0,(anonymous_1)
DA:2,3
DA:6,3
DA:7,0
DA:8,0
DA:11,0
DA:13,0
DA:14,0
DA:20,3
DA:21,0
DA:22,0
DA:23,0
DA:25,0
DA:26,0
DA:28,0
DA:29,0
LF:15
LH:3
BRDA:23,0,0,0
BRDA:23,0,1,0
BRF:2
BRH:0
end_of_record
TN:
SF:src\api\v1\controllers\auth\login.controller.js
FN:11,(anonymous_0)
FNF:1
FNH:1
FNDA:5,(anonymous_0)
DA:3,3
DA:11,3
DA:12,5
DA:13,5
DA:16,5
DA:18,4
DA:19,1
DA:25,3
DA:26,3
DA:27,1
DA:33,2
DA:35,2
DA:40,1
DA:41,1
LF:14
LH:14
BRDA:18,0,0,1
BRDA:18,0,1,3
BRDA:26,1,0,1
BRDA:26,1,1,2
BRF:4
BRH:4
end_of_record
TN:
SF:src\api\v1\controllers\auth\register.controller.js
FN:8,(anonymous_0)
FN:55,(anonymous_1)
FNF:2
FNH:1
FNDA:3,(anonymous_0)
FNDA:0,(anonymous_1)
DA:6,3
DA:8,3
DA:9,3
DA:10,3
DA:13,3
DA:17,3
DA:18,2
DA:19,1
DA:22,1
DA:23,1
DA:32,1
DA:35,1
DA:44,1
DA:45,1
DA:47,1
DA:52,0
DA:54,0
DA:55,0
DA:56,0
DA:61,0
LF:20
LH:15
BRDA:17,0,0,2
BRDA:17,0,1,1
BRDA:18,1,0,1
BRDA:18,1,1,1
BRDA:22,2,0,1
BRDA:22,2,1,0
BRDA:54,3,0,0
BRDA:54,3,1,0
BRF:8
BRH:5
end_of_record
TN:
SF:src\api\v1\controllers\commonControllers\address\address.controller.js
FN:8,(anonymous_0)
FN:69,(anonymous_1)
FN:110,(anonymous_2)
FN:147,(anonymous_3)
FN:223,(anonymous_4)
FN:262,(anonymous_5)
FNF:6
FNH:0
FNDA:0,(anonymous_0)
FNDA:0,(anonymous_1)
FNDA:0,(anonymous_2)
FNDA:0,(anonymous_3)
FNDA:0,(anonymous_4)
FNDA:0,(anonymous_5)
DA:5,3
DA:8,3
DA:9,0
DA:19,0
DA:22,0
DA:26,0
DA:27,0
DA:31,0
DA:32,0
DA:44,0
DA:56,0
DA:61,0
DA:62,0
DA:69,3
DA:70,0
DA:71,0
DA:75,0
DA:76,0
DA:79,0
DA:90,0
DA:91,0
DA:97,0
DA:102,0
DA:103,0
DA:110,3
DA:111,0
DA:112,0
DA:113,0
DA:117,0
DA:118,0
DA:121,0
DA:128,0
DA:129,0
DA:134,0
DA:139,0
DA:140,0
DA:147,3
DA:148,0
DA:149,0
DA:159,0
DA:161,0
DA:165,0
DA:166,0
DA:170,0
DA:176,0
DA:177,0
DA:183,0
DA:184,0
DA:196,0
DA:197,0
DA:198,0
DA:199,0
DA:200,0
DA:201,0
DA:202,0
DA:203,0
DA:204,0
DA:205,0
DA:206,0
DA:208,0
DA:210,0
DA:215,0
DA:216,0
DA:223,3
DA:224,0
DA:225,0
DA:227,0
DA:231,0
DA:232,0
DA:235,0
DA:241,0
DA:242,0
DA:248,0
DA:250,0
DA:254,0
DA:255,0
DA:262,3
DA:263,0
DA:264,0
DA:266,0
DA:270,0
DA:271,0
DA:275,0
DA:283,0
DA:284,0
DA:290,0
DA:301,0
DA:303,0
DA:308,0
DA:309,0
LF:90
LH:7
BRDA:26,0,0,0
BRDA:26,0,1,0
BRDA:31,1,0,0
BRDA:31,1,1,0
BRDA:51,2,0,0
BRDA:51,2,1,0
BRDA:52,3,0,0
BRDA:52,3,1,0
BRDA:53,4,0,0
BRDA:53,4,1,0
BRDA:75,5,0,0
BRDA:75,5,1,0
BRDA:90,6,0,0
BRDA:90,6,1,0
BRDA:90,7,0,0
BRDA:90,7,1,0
BRDA:117,8,0,0
BRDA:117,8,1,0
BRDA:128,9,0,0
BRDA:128,9,1,0
BRDA:165,10,0,0
BRDA:165,10,1,0
BRDA:176,11,0,0
BRDA:176,11,1,0
BRDA:183,12,0,0
BRDA:183,12,1,0
BRDA:183,13,0,0
BRDA:183,13,1,0
BRDA:197,14,0,0
BRDA:197,14,1,0
BRDA:199,15,0,0
BRDA:199,15,1,0
BRDA:201,16,0,0
BRDA:201,16,1,0
BRDA:202,17,0,0
BRDA:202,17,1,0
BRDA:203,18,0,0
BRDA:203,18,1,0
BRDA:204,19,0,0
BRDA:204,19,1,0
BRDA:205,20,0,0
BRDA:205,20,1,0
BRDA:206,21,0,0
BRDA:206,21,1,0
BRDA:231,22,0,0
BRDA:231,22,1,0
BRDA:241,23,0,0
BRDA:241,23,1,0
BRDA:270,24,0,0
BRDA:270,24,1,0
BRDA:283,25,0,0
BRDA:283,25,1,0
BRF:52
BRH:0
end_of_record
TN:
SF:src\api\v1\controllers\commonControllers\cart\cart.controller.js
FN:8,(anonymous_0)
FN:35,(anonymous_1)
FN:73,(anonymous_2)
FN:115,(anonymous_3)
FN:145,(anonymous_4)
FNF:5
FNH:0
FNDA:0,(anonymous_0)
FNDA:0,(anonymous_1)
FNDA:0,(anonymous_2)
FNDA:0,(anonymous_3)
FNDA:0,(anonymous_4)
DA:5,3
DA:8,3
DA:9,0
DA:10,0
DA:21,0
DA:26,0
DA:27,0
DA:35,3
DA:36,0
DA:37,0
DA:39,0
DA:53,0
DA:54,0
DA:59,0
DA:64,0
DA:65,0
DA:73,3
DA:74,0
DA:75,0
DA:78,0
DA:79,0
DA:80,0
DA:85,0
DA:95,0
DA:96,0
DA:101,0
DA:106,0
DA:107,0
DA:115,3
DA:116,0
DA:117,0
DA:119,0
DA:120,0
DA:121,0
DA:127,0
DA:130,0
DA:132,0
DA:136,0
DA:137,0
DA:145,3
DA:146,0
DA:147,0
DA:150,0
DA:151,0
DA:152,0
DA:158,0
DA:159,0
DA:160,0
DA:165,0
DA:169,0
DA:174,0
DA:175,0
LF:52
LH:6
BRDA:53,0,0,0
BRDA:53,0,1,0
BRDA:79,1,0,0
BRDA:79,1,1,0
BRDA:95,2,0,0
BRDA:95,2,1,0
BRDA:120,3,0,0
BRDA:120,3,1,0
BRDA:151,4,0,0
BRDA:151,4,1,0
BRDA:159,5,0,0
BRDA:159,5,1,0
BRF:12
BRH:0
end_of_record
TN:
SF:src\api\v1\controllers\commonControllers\cart\cartItem.controller.js
FN:8,(anonymous_0)
FN:103,(anonymous_1)
FN:155,(anonymous_2)
FN:195,(anonymous_3)
FNF:4
FNH:0
FNDA:0,(anonymous_0)
FNDA:0,(anonymous_1)
FNDA:0,(anonymous_2)
FNDA:0,(anonymous_3)
DA:5,3
DA:8,3
DA:9,0
DA:10,0
DA:20,0
DA:23,0
DA:27,0
DA:28,0
DA:34,0
DA:35,0
DA:36,0
DA:42,0
DA:43,0
DA:46,0
DA:47,0
DA:54,0
DA:62,0
DA:64,0
DA:65,0
DA:66,0
DA:67,0
DA:68,0
DA:69,0
DA:71,0
DA:78,0
DA:89,0
DA:94,0
DA:95,0
DA:103,3
DA:104,0
DA:105,0
DA:106,0
DA:107,0
DA:110,0
DA:122,0
DA:123,0
DA:129,0
DA:132,0
DA:133,0
DA:136,0
DA:139,0
DA:141,0
DA:146,0
DA:147,0
DA:155,3
DA:156,0
DA:157,0
DA:158,0
DA:161,0
DA:173,0
DA:174,0
DA:180,0
DA:182,0
DA:186,0
DA:187,0
DA:195,3
DA:196,0
DA:197,0
DA:200,0
DA:219,0
DA:220,0
DA:225,0
DA:230,0
DA:231,0
LF:64
LH:5
BRDA:27,0,0,0
BRDA:27,0,1,0
BRDA:35,1,0,0
BRDA:35,1,1,0
BRDA:42,2,0,0
BRDA:42,2,1,0
BRDA:46,3,0,0
BRDA:46,3,1,0
BRDA:58,4,0,0
BRDA:58,4,1,0
BRDA:62,5,0,0
BRDA:62,5,1,0
BRDA:122,6,0,0
BRDA:122,6,1,0
BRDA:132,7,0,0
BRDA:132,7,1,0
BRDA:173,8,0,0
BRDA:173,8,1,0
BRDA:219,9,0,0
BRDA:219,9,1,0
BRF:20
BRH:0
end_of_record
TN:
SF:src\api\v1\controllers\commonControllers\coupon\couponRedemption.controller.js
FN:8,(anonymous_0)
FN:116,(anonymous_1)
FN:156,(anonymous_2)
FN:196,(anonymous_3)
FN:236,(anonymous_4)
FN:277,(anonymous_5)
FNF:6
FNH:0
FNDA:0,(anonymous_0)
FNDA:0,(anonymous_1)
FNDA:0,(anonymous_2)
FNDA:0,(anonymous_3)
FNDA:0,(anonymous_4)
FNDA:0,(anonymous_5)
DA:5,3
DA:8,3
DA:9,0
DA:10,0
DA:13,0
DA:14,0
DA:15,0
DA:21,0
DA:22,0
DA:23,0
DA:28,0
DA:29,0
DA:35,0
DA:36,0
DA:37,0
DA:42,0
DA:43,0
DA:49,0
DA:50,0
DA:51,0
DA:57,0
DA:61,0
DA:62,0
DA:68,0
DA:69,0
DA:73,0
DA:74,0
DA:81,0
DA:82,0
DA:86,0
DA:87,0
DA:94,0
DA:102,0
DA:107,0
DA:108,0
DA:116,3
DA:117,0
DA:118,0
DA:121,0
DA:122,0
DA:123,0
DA:128,0
DA:142,0
DA:147,0
DA:148,0
DA:156,3
DA:157,0
DA:158,0
DA:161,0
DA:162,0
DA:163,0
DA:168,0
DA:182,0
DA:187,0
DA:188,0
DA:196,3
DA:197,0
DA:198,0
DA:201,0
DA:202,0
DA:203,0
DA:208,0
DA:222,0
DA:227,0
DA:228,0
DA:236,3
DA:237,0
DA:238,0
DA:240,0
DA:257,0
DA:258,0
DA:263,0
DA:268,0
DA:269,0
DA:277,3
DA:278,0
DA:279,0
DA:280,0
DA:283,0
DA:284,0
DA:285,0
DA:291,0
DA:292,0
DA:299,0
DA:300,0
DA:301,0
DA:307,0
DA:308,0
DA:315,0
DA:316,0
DA:320,0
DA:321,0
DA:329,0
DA:330,0
DA:334,0
DA:335,0
DA:343,0
DA:356,0
DA:357,0
LF:99
LH:7
BRDA:14,0,0,0
BRDA:14,0,1,0
BRDA:22,1,0,0
BRDA:22,1,1,0
BRDA:28,2,0,0
BRDA:28,2,1,0
BRDA:36,3,0,0
BRDA:36,3,1,0
BRDA:36,4,0,0
BRDA:36,4,1,0
BRDA:42,5,0,0
BRDA:42,5,1,0
BRDA:42,6,0,0
BRDA:42,6,1,0
BRDA:50,7,0,0
BRDA:50,7,1,0
BRDA:61,8,0,0
BRDA:61,8,1,0
BRDA:68,9,0,0
BRDA:68,9,1,0
BRDA:73,10,0,0
BRDA:73,10,1,0
BRDA:81,11,0,0
BRDA:81,11,1,0
BRDA:86,12,0,0
BRDA:86,12,1,0
BRDA:122,13,0,0
BRDA:122,13,1,0
BRDA:162,14,0,0
BRDA:162,14,1,0
BRDA:202,15,0,0
BRDA:202,15,1,0
BRDA:257,16,0,0
BRDA:257,16,1,0
BRDA:284,17,0,0
BRDA:284,17,1,0
BRDA:291,18,0,0
BRDA:291,18,1,0
BRDA:300,19,0,0
BRDA:300,19,1,0
BRDA:300,20,0,0
BRDA:300,20,1,0
BRDA:307,21,0,0
BRDA:307,21,1,0
BRDA:307,22,0,0
BRDA:307,22,1,0
BRDA:315,23,0,0
BRDA:315,23,1,0
BRDA:320,24,0,0
BRDA:320,24,1,0
BRDA:329,25,0,0
BRDA:329,25,1,0
BRDA:334,26,0,0
BRDA:334,26,1,0
BRF:54
BRH:0
end_of_record
TN:
SF:src\api\v1\controllers\commonControllers\order\order.controller.js
FN:10,(anonymous_0)
FN:63,(anonymous_1)
FN:111,(anonymous_2)
FN:159,(anonymous_3)
FN:215,(anonymous_4)
FN:249,(anonymous_5)
FNF:6
FNH:0
FNDA:0,(anonymous_0)
FNDA:0,(anonymous_1)
FNDA:0,(anonymous_2)
FNDA:0,(anonymous_3)
FNDA:0,(anonymous_4)
FNDA:0,(anonymous_5)
DA:7,3
DA:10,3
DA:11,0
DA:23,0
DA:26,0
DA:27,0
DA:28,0
DA:34,0
DA:35,0
DA:36,0
DA:42,0
DA:45,0
DA:61,0
DA:62,0
DA:65,0
DA:66,0
DA:67,0
DA:71,0
DA:72,0
DA:75,0
DA:76,0
DA:82,0
DA:94,0
DA:97,0
DA:102,0
DA:103,0
DA:111,3
DA:112,0
DA:113,0
DA:145,0
DA:150,0
DA:151,0
DA:159,3
DA:160,0
DA:161,0
DA:163,0
DA:195,0
DA:196,0
DA:201,0
DA:206,0
DA:207,0
DA:215,3
DA:216,0
DA:217,0
DA:218,0
DA:220,0
DA:221,0
DA:222,0
DA:228,0
DA:229,0
DA:230,0
DA:231,0
DA:233,0
DA:235,0
DA:240,0
DA:241,0
DA:249,3
DA:250,0
DA:251,0
DA:253,0
DA:254,0
DA:255,0
DA:261,0
DA:262,0
DA:268,0
DA:269,0
DA:271,0
DA:276,0
DA:277,0
LF:69
LH:6
BRDA:27,0,0,0
BRDA:27,0,1,0
BRDA:35,1,0,0
BRDA:35,1,1,0
BRDA:51,2,0,0
BRDA:51,2,1,0
BRDA:52,3,0,0
BRDA:52,3,1,0
BRDA:53,4,0,0
BRDA:53,4,1,0
BRDA:61,5,0,0
BRDA:61,5,1,0
BRDA:61,6,0,0
BRDA:61,6,1,0
BRDA:66,7,0,0
BRDA:66,7,1,0
BRDA:71,8,0,0
BRDA:71,8,1,0
BRDA:75,9,0,0
BRDA:75,9,1,0
BRDA:85,10,0,0
BRDA:85,10,1,0
BRDA:88,11,0,0
BRDA:88,11,1,0
BRDA:195,12,0,0
BRDA:195,12,1,0
BRDA:221,13,0,0
BRDA:221,13,1,0
BRDA:228,14,0,0
BRDA:228,14,1,0
BRDA:229,15,0,0
BRDA:229,15,1,0
BRDA:230,16,0,0
BRDA:230,16,1,0
BRDA:231,17,0,0
BRDA:231,17,1,0
BRDA:254,18,0,0
BRDA:254,18,1,0
BRDA:261,19,0,0
BRDA:261,19,1,0
BRF:40
BRH:0
end_of_record
TN:
SF:src\api\v1\controllers\commonControllers\order\orderItem.controller.js
FN:8,(anonymous_0)
FN:73,(anonymous_1)
FN:114,(anonymous_2)
FN:151,(anonymous_3)
FN:188,(anonymous_4)
FNF:5
FNH:0
FNDA:0,(anonymous_0)
FNDA:0,(anonymous_1)
FNDA:0,(anonymous_2)
FNDA:0,(anonymous_3)
FNDA:0,(anonymous_4)
DA:5,3
DA:8,3
DA:9,0
DA:19,0
DA:22,0
DA:23,0
DA:24,0
DA:30,0
DA:31,0
DA:32,0
DA:38,0
DA:39,0
DA:40,0
DA:41,0
DA:48,0
DA:59,0
DA:64,0
DA:65,0
DA:73,3
DA:74,0
DA:75,0
DA:78,0
DA:79,0
DA:80,0
DA:86,0
DA:100,0
DA:105,0
DA:106,0
DA:114,3
DA:115,0
DA:116,0
DA:118,0
DA:131,0
DA:132,0
DA:137,0
DA:142,0
DA:143,0
DA:151,3
DA:152,0
DA:153,0
DA:155,0
DA:157,0
DA:158,0
DA:159,0
DA:165,0
DA:166,0
DA:167,0
DA:168,0
DA:169,0
DA:170,0
DA:172,0
DA:174,0
DA:179,0
DA:180,0
DA:188,3
DA:189,0
DA:190,0
DA:192,0
DA:193,0
DA:194,0
DA:199,0
DA:201,0
DA:205,0
DA:206,0
LF:64
LH:6
BRDA:23,0,0,0
BRDA:23,0,1,0
BRDA:31,1,0,0
BRDA:31,1,1,0
BRDA:38,2,0,0
BRDA:38,2,1,0
BRDA:40,3,0,0
BRDA:40,3,1,0
BRDA:79,4,0,0
BRDA:79,4,1,0
BRDA:131,5,0,0
BRDA:131,5,1,0
BRDA:158,6,0,0
BRDA:158,6,1,0
BRDA:165,7,0,0
BRDA:165,7,1,0
BRDA:166,8,0,0
BRDA:166,8,1,0
BRDA:168,9,0,0
BRDA:168,9,1,0
BRDA:170,10,0,0
BRDA:170,10,1,0
BRDA:193,11,0,0
BRDA:193,11,1,0
BRF:24
BRH:0
end_of_record
TN:
SF:src\api\v1\controllers\commonControllers\product\productReview\productReview.controller.js
FN:8,(anonymous_0)
FN:99,(anonymous_1)
FN:140,(anonymous_2)
FN:153,(anonymous_3)
FN:180,(anonymous_4)
FN:225,(anonymous_5)
FN:281,(anonymous_6)
FN:329,(anonymous_7)
FN:371,(anonymous_8)
FNF:9
FNH:0
FNDA:0,(anonymous_0)
FNDA:0,(anonymous_1)
FNDA:0,(anonymous_2)
FNDA:0,(anonymous_3)
FNDA:0,(anonymous_4)
FNDA:0,(anonymous_5)
FNDA:0,(anonymous_6)
FNDA:0,(anonymous_7)
FNDA:0,(anonymous_8)
DA:5,3
DA:8,3
DA:9,0
DA:17,0
DA:20,0
DA:21,0
DA:22,0
DA:29,0
DA:30,0
DA:31,0
DA:38,0
DA:39,0
DA:46,0
DA:47,0
DA:56,0
DA:63,0
DA:64,0
DA:71,0
DA:83,0
DA:89,0
DA:90,0
DA:99,3
DA:100,0
DA:101,0
DA:102,0
DA:105,0
DA:106,0
DA:107,0
DA:114,0
DA:117,0
DA:118,0
DA:121,0
DA:137,0
DA:140,0
DA:142,0
DA:145,0
DA:153,0
DA:154,0
DA:157,0
DA:170,0
DA:171,0
DA:180,3
DA:181,0
DA:182,0
DA:184,0
DA:202,0
DA:203,0
DA:209,0
DA:215,0
DA:216,0
DA:225,3
DA:226,0
DA:227,0
DA:228,0
DA:231,0
DA:232,0
DA:233,0
DA:240,0
DA:241,0
DA:242,0
DA:249,0
DA:250,0
DA:257,0
DA:265,0
DA:271,0
DA:272,0
DA:281,3
DA:282,0
DA:283,0
DA:286,0
DA:287,0
DA:288,0
DA:295,0
DA:296,0
DA:297,0
DA:304,0
DA:305,0
DA:312,0
DA:314,0
DA:319,0
DA:320,0
DA:329,3
DA:330,0
DA:332,0
DA:333,0
DA:334,0
DA:340,0
DA:355,0
DA:361,0
DA:362,0
DA:371,3
DA:372,0
DA:373,0
DA:376,0
DA:379,0
DA:380,0
DA:386,0
DA:387,0
DA:388,0
DA:395,0
DA:399,0
DA:405,0
DA:406,0
LF:103
LH:8
BRDA:21,0,0,0
BRDA:21,0,1,0
BRDA:30,1,0,0
BRDA:30,1,1,0
BRDA:38,2,0,0
BRDA:38,2,1,0
BRDA:46,3,0,0
BRDA:46,3,1,0
BRDA:63,4,0,0
BRDA:63,4,1,0
BRDA:78,5,0,0
BRDA:78,5,1,0
BRDA:102,6,0,0
BRDA:106,7,0,0
BRDA:106,7,1,0
BRDA:117,8,0,0
BRDA:117,8,1,0
BRDA:142,9,0,0
BRDA:142,9,1,0
BRDA:202,10,0,0
BRDA:202,10,1,0
BRDA:232,11,0,0
BRDA:232,11,1,0
BRDA:241,12,0,0
BRDA:241,12,1,0
BRDA:249,13,0,0
BRDA:249,13,1,0
BRDA:258,14,0,0
BRDA:258,14,1,0
BRDA:259,15,0,0
BRDA:259,15,1,0
BRDA:260,16,0,0
BRDA:260,16,1,0
BRDA:287,17,0,0
BRDA:287,17,1,0
BRDA:296,18,0,0
BRDA:296,18,1,0
BRDA:304,19,0,0
BRDA:304,19,1,0
BRDA:333,20,0,0
BRDA:333,20,1,0
BRDA:379,21,0,0
BRDA:379,21,1,0
BRDA:387,22,0,0
BRDA:387,22,1,0
BRF:45
BRH:0
end_of_record
TN:
SF:src\api\v1\controllers\commonControllers\profile\profile.controller.js
FN:19,(anonymous_0)
FN:49,(anonymous_1)
FNF:2
FNH:0
FNDA:0,(anonymous_0)
FNDA:0,(anonymous_1)
DA:6,3
DA:15,3
DA:16,3
DA:19,3
DA:20,0
DA:21,0
DA:26,0
DA:27,0
DA:33,0
DA:34,0
DA:39,0
DA:41,0
DA:42,0
DA:49,3
DA:50,0
DA:51,0
DA:53,0
DA:58,0
DA:59,0
DA:65,0
DA:66,0
DA:67,0
DA:68,0
DA:71,0
DA:73,0
DA:74,0
DA:79,0
DA:80,0
DA:81,0
DA:86,0
DA:89,0
DA:92,0
DA:93,0
DA:98,0
DA:100,0
DA:101,0
LF:36
LH:5
BRDA:26,0,0,0
BRDA:26,0,1,0
BRDA:33,1,0,0
BRDA:33,1,1,0
BRDA:33,2,0,0
BRDA:33,2,1,0
BRDA:58,3,0,0
BRDA:58,3,1,0
BRDA:65,4,0,0
BRDA:65,4,1,0
BRDA:66,5,0,0
BRDA:66,5,1,0
BRDA:67,6,0,0
BRDA:67,6,1,0
BRDA:68,7,0,0
BRDA:68,7,1,0
BRDA:71,8,0,0
BRDA:71,8,1,0
BRDA:73,9,0,0
BRDA:73,9,1,0
BRDA:73,10,0,0
BRDA:73,10,1,0
BRDA:79,11,0,0
BRDA:79,11,1,0
BRDA:92,12,0,0
BRDA:92,12,1,0
BRDA:92,13,0,0
BRDA:92,13,1,0
BRF:28
BRH:0
end_of_record
TN:
SF:src\api\v1\controllers\commonControllers\wishList\wishList.controller.js
FN:8,(anonymous_0)
FN:25,(anonymous_1)
FNF:2
FNH:0
FNDA:0,(anonymous_0)
FNDA:0,(anonymous_1)
DA:5,3
DA:8,3
DA:9,0
DA:10,0
DA:12,0
DA:13,0
DA:17,0
DA:18,0
DA:25,3
DA:26,0
DA:27,0
DA:29,0
DA:30,0
DA:31,0
DA:36,0
DA:38,0
DA:40,0
DA:41,0
LF:18
LH:3
BRDA:30,0,0,0
BRDA:30,0,1,0
BRF:2
BRH:0
end_of_record
TN:
SF:src\api\v1\controllers\commonControllers\wishList\wishListItem.controller.js
FN:8,(anonymous_0)
FN:48,(anonymous_1)
FN:80,(anonymous_2)
FNF:3
FNH:0
FNDA:0,(anonymous_0)
FNDA:0,(anonymous_1)
FNDA:0,(anonymous_2)
DA:5,3
DA:8,3
DA:9,0
DA:10,0
DA:13,0
DA:21,0
DA:22,0
DA:28,0
DA:34,0
DA:39,0
DA:40,0
DA:48,3
DA:49,0
DA:50,0
DA:52,0
DA:66,0
DA:71,0
DA:72,0
DA:80,3
DA:81,0
DA:82,0
DA:84,0
DA:85,0
DA:86,0
DA:91,0
DA:93,0
DA:97,0
DA:98,0
LF:28
LH:4
BRDA:17,0,0,0
BRDA:17,0,1,0
BRDA:21,1,0,0
BRDA:21,1,1,0
BRDA:85,2,0,0
BRDA:85,2,1,0
BRF:6
BRH:0
end_of_record
TN:
SF:src\api\v1\controllers\customer\cart.controller.js
FN:6,(anonymous_0)
FN:37,(anonymous_1)
FN:53,(anonymous_2)
FN:76,(anonymous_3)
FNF:4
FNH:0
FNDA:0,(anonymous_0)
FNDA:0,(anonymous_1)
FNDA:0,(anonymous_2)
FNDA:0,(anonymous_3)
DA:3,3
DA:6,3
DA:7,0
DA:8,0
DA:9,0
DA:11,0
DA:13,0
DA:14,0
DA:16,0
DA:17,0
DA:19,0
DA:24,0
DA:25,0
DA:26,0
DA:29,0
DA:31,0
DA:32,0
DA:37,3
DA:38,0
DA:39,0
DA:40,0
DA:45,0
DA:47,0
DA:48,0
DA:53,3
DA:54,0
DA:55,0
DA:56,0
DA:58,0
DA:60,0
DA:61,0
DA:63,0
DA:65,0
DA:66,0
DA:68,0
DA:70,0
DA:71,0
DA:76,3
DA:77,0
DA:78,0
DA:79,0
DA:81,0
DA:82,0
DA:84,0
DA:86,0
DA:88,0
DA:89,0
LF:47
LH:5
BRDA:11,0,0,0
BRDA:11,0,1,0
BRDA:11,1,0,0
BRDA:11,1,1,0
BRDA:14,2,0,0
BRDA:14,2,1,0
BRDA:17,3,0,0
BRDA:17,3,1,0
BRDA:24,4,0,0
BRDA:24,4,1,0
BRDA:58,5,0,0
BRDA:58,5,1,0
BRDA:58,6,0,0
BRDA:58,6,1,0
BRDA:63,7,0,0
BRDA:63,7,1,0
BRDA:82,8,0,0
BRDA:82,8,1,0
BRF:18
BRH:0
end_of_record
TN:
SF:src\api\v1\controllers\customer\order.controller.js
FN:5,(anonymous_0)
FN:90,(anonymous_1)
FN:108,(anonymous_2)
FN:128,(anonymous_3)
FN:154,(anonymous_4)
FNF:5
FNH:0
FNDA:0,(anonymous_0)
FNDA:0,(anonymous_1)
FNDA:0,(anonymous_2)
FNDA:0,(anonymous_3)
FNDA:0,(anonymous_4)
DA:2,3
DA:5,3
DA:6,0
DA:8,0
DA:9,0
DA:10,0
DA:12,0
DA:17,0
DA:18,0
DA:21,0
DA:22,0
DA:24,0
DA:25,0
DA:26,0
DA:28,0
DA:29,0
DA:30,0
DA:33,0
DA:34,0
DA:35,0
DA:40,0
DA:45,0
DA:46,0
DA:50,0
DA:51,0
DA:53,0
DA:61,0
DA:69,0
DA:70,0
DA:76,0
DA:78,0
DA:84,0
DA:85,0
DA:90,3
DA:91,0
DA:92,0
DA:93,0
DA:95,0
DA:100,0
DA:102,0
DA:103,0
DA:108,3
DA:109,0
DA:110,0
DA:111,0
DA:113,0
DA:118,0
DA:120,0
DA:122,0
DA:123,0
DA:128,3
DA:129,0
DA:130,0
DA:131,0
DA:133,0
DA:137,0
DA:139,0
DA:140,0
DA:143,0
DA:144,0
DA:146,0
DA:148,0
DA:149,0
DA:154,3
DA:155,0
DA:156,0
DA:164,0
DA:166,0
DA:167,0
LF:69
LH:6
BRDA:10,0,0,0
BRDA:10,0,1,0
BRDA:17,1,0,0
BRDA:17,1,1,0
BRDA:26,2,0,0
BRDA:26,2,1,0
BRDA:33,3,0,0
BRDA:33,3,1,0
BRDA:34,4,0,0
BRDA:34,4,1,0
BRDA:40,5,0,0
BRDA:40,5,1,0
BRDA:41,6,0,0
BRDA:41,6,1,0
BRDA:41,6,2,0
BRDA:93,7,0,0
BRDA:93,7,1,0
BRDA:111,8,0,0
BRDA:111,8,1,0
BRDA:118,9,0,0
BRDA:118,9,1,0
BRDA:131,10,0,0
BRDA:131,10,1,0
BRDA:137,11,0,0
BRDA:137,11,1,0
BRDA:139,12,0,0
BRDA:139,12,1,0
BRF:27
BRH:0
end_of_record
TN:
SF:src\api\v1\controllers\customer\product.controller.js
FN:6,(anonymous_0)
FN:42,(anonymous_1)
FN:65,(anonymous_2)
FNF:3
FNH:0
FNDA:0,(anonymous_0)
FNDA:0,(anonymous_1)
FNDA:0,(anonymous_2)
DA:3,3
DA:6,3
DA:7,0
DA:9,0
DA:11,0
DA:14,0
DA:16,0
DA:17,0
DA:18,0
DA:23,0
DA:24,0
DA:30,0
DA:33,0
DA:35,0
DA:36,0
DA:42,3
DA:43,0
DA:45,0
DA:47,0
DA:48,0
DA:49,0
DA:53,0
DA:57,0
DA:59,0
DA:60,0
DA:65,3
DA:66,0
DA:67,0
DA:68,0
DA:70,0
DA:72,0
DA:73,0
LF:32
LH:4
BRDA:14,0,0,0
BRDA:14,0,1,0
BRDA:17,1,0,0
BRDA:17,1,1,0
BRDA:23,2,0,0
BRDA:23,2,1,0
BRDA:48,3,0,0
BRDA:48,3,1,0
BRDA:68,4,0,0
BRDA:68,4,1,0
BRF:10
BRH:0
end_of_record
TN:
SF:src\api\v1\controllers\customer\review.controller.js
FN:5,(anonymous_0)
FNF:1
FNH:0
FNDA:0,(anonymous_0)
DA:2,3
DA:5,3
DA:6,0
DA:7,0
DA:10,0
DA:11,0
DA:15,0
DA:16,0
DA:19,0
DA:20,0
DA:22,0
DA:29,0
DA:31,0
DA:32,0
LF:14
LH:2
BRDA:11,0,0,0
BRDA:11,0,1,0
BRDA:15,1,0,0
BRDA:15,1,1,0
BRDA:15,2,0,0
BRDA:15,2,1,0
BRDA:20,3,0,0
BRDA:20,3,1,0
BRF:8
BRH:0
end_of_record
TN:
SF:src\api\v1\controllers\customer\wishlist.controller.js
FN:5,(anonymous_0)
FN:35,(anonymous_1)
FN:52,(anonymous_2)
FNF:3
FNH:0
FNDA:0,(anonymous_0)
FNDA:0,(anonymous_1)
FNDA:0,(anonymous_2)
DA:2,3
DA:5,3
DA:6,0
DA:7,0
DA:8,0
DA:10,0
DA:11,0
DA:12,0
DA:14,0
DA:18,0
DA:19,0
DA:22,0
DA:27,0
DA:29,0
DA:30,0
DA:35,3
DA:36,0
DA:37,0
DA:39,0
DA:44,0
DA:46,0
DA:47,0
DA:52,3
DA:53,0
DA:54,0
DA:55,0
DA:57,0
DA:61,0
DA:63,0
DA:65,0
DA:67,0
DA:68,0
LF:32
LH:4
BRDA:8,0,0,0
BRDA:8,0,1,0
BRDA:12,1,0,0
BRDA:12,1,1,0
BRDA:18,2,0,0
BRDA:18,2,1,0
BRDA:61,3,0,0
BRDA:61,3,1,0
BRF:8
BRH:0
end_of_record
TN:
SF:src\api\v1\controllers\retailer\cart.controller.js
FN:6,(anonymous_0)
FN:37,(anonymous_1)
FN:53,(anonymous_2)
FN:76,(anonymous_3)
FNF:4
FNH:0
FNDA:0,(anonymous_0)
FNDA:0,(anonymous_1)
FNDA:0,(anonymous_2)
FNDA:0,(anonymous_3)
DA:3,3
DA:6,3
DA:7,0
DA:8,0
DA:9,0
DA:11,0
DA:13,0
DA:14,0
DA:16,0
DA:17,0
DA:19,0
DA:24,0
DA:25,0
DA:26,0
DA:29,0
DA:31,0
DA:32,0
DA:37,3
DA:38,0
DA:39,0
DA:40,0
DA:45,0
DA:47,0
DA:48,0
DA:53,3
DA:54,0
DA:55,0
DA:56,0
DA:58,0
DA:60,0
DA:61,0
DA:63,0
DA:65,0
DA:66,0
DA:68,0
DA:70,0
DA:71,0
DA:76,3
DA:77,0
DA:78,0
DA:79,0
DA:81,0
DA:82,0
DA:84,0
DA:86,0
DA:88,0
DA:89,0
LF:47
LH:5
BRDA:11,0,0,0
BRDA:11,0,1,0
BRDA:11,1,0,0
BRDA:11,1,1,0
BRDA:14,2,0,0
BRDA:14,2,1,0
BRDA:17,3,0,0
BRDA:17,3,1,0
BRDA:24,4,0,0
BRDA:24,4,1,0
BRDA:58,5,0,0
BRDA:58,5,1,0
BRDA:58,6,0,0
BRDA:58,6,1,0
BRDA:63,7,0,0
BRDA:63,7,1,0
BRDA:82,8,0,0
BRDA:82,8,1,0
BRF:18
BRH:0
end_of_record
TN:
SF:src\api\v1\controllers\retailer\order.controller.js
FN:5,(anonymous_0)
FN:90,(anonymous_1)
FN:108,(anonymous_2)
FN:128,(anonymous_3)
FN:154,(anonymous_4)
FNF:5
FNH:0
FNDA:0,(anonymous_0)
FNDA:0,(anonymous_1)
FNDA:0,(anonymous_2)
FNDA:0,(anonymous_3)
FNDA:0,(anonymous_4)
DA:2,3
DA:5,3
DA:6,0
DA:8,0
DA:9,0
DA:10,0
DA:12,0
DA:17,0
DA:18,0
DA:21,0
DA:22,0
DA:24,0
DA:25,0
DA:26,0
DA:28,0
DA:29,0
DA:30,0
DA:33,0
DA:34,0
DA:35,0
DA:40,0
DA:45,0
DA:46,0
DA:50,0
DA:51,0
DA:53,0
DA:61,0
DA:69,0
DA:70,0
DA:76,0
DA:78,0
DA:84,0
DA:85,0
DA:90,3
DA:91,0
DA:92,0
DA:93,0
DA:95,0
DA:100,0
DA:102,0
DA:103,0
DA:108,3
DA:109,0
DA:110,0
DA:111,0
DA:113,0
DA:118,0
DA:120,0
DA:122,0
DA:123,0
DA:128,3
DA:129,0
DA:130,0
DA:131,0
DA:133,0
DA:137,0
DA:139,0
DA:140,0
DA:143,0
DA:144,0
DA:146,0
DA:148,0
DA:149,0
DA:154,3
DA:155,0
DA:156,0
DA:164,0
DA:166,0
DA:167,0
LF:69
LH:6
BRDA:10,0,0,0
BRDA:10,0,1,0
BRDA:17,1,0,0
BRDA:17,1,1,0
BRDA:26,2,0,0
BRDA:26,2,1,0
BRDA:33,3,0,0
BRDA:33,3,1,0
BRDA:34,4,0,0
BRDA:34,4,1,0
BRDA:40,5,0,0
BRDA:40,5,1,0
BRDA:41,6,0,0
BRDA:41,6,1,0
BRDA:41,6,2,0
BRDA:93,7,0,0
BRDA:93,7,1,0
BRDA:111,8,0,0
BRDA:111,8,1,0
BRDA:118,9,0,0
BRDA:118,9,1,0
BRDA:131,10,0,0
BRDA:131,10,1,0
BRDA:137,11,0,0
BRDA:137,11,1,0
BRDA:139,12,0,0
BRDA:139,12,1,0
BRF:27
BRH:0
end_of_record
TN:
SF:src\api\v1\controllers\retailer\product.controller.js
FN:6,(anonymous_0)
FN:42,(anonymous_1)
FN:65,(anonymous_2)
FNF:3
FNH:0
FNDA:0,(anonymous_0)
FNDA:0,(anonymous_1)
FNDA:0,(anonymous_2)
DA:3,3
DA:6,3
DA:7,0
DA:9,0
DA:11,0
DA:14,0
DA:16,0
DA:17,0
DA:18,0
DA:23,0
DA:24,0
DA:30,0
DA:33,0
DA:35,0
DA:36,0
DA:42,3
DA:43,0
DA:45,0
DA:47,0
DA:48,0
DA:49,0
DA:53,0
DA:57,0
DA:59,0
DA:60,0
DA:65,3
DA:66,0
DA:67,0
DA:68,0
DA:70,0
DA:72,0
DA:73,0
LF:32
LH:4
BRDA:14,0,0,0
BRDA:14,0,1,0
BRDA:17,1,0,0
BRDA:17,1,1,0
BRDA:23,2,0,0
BRDA:23,2,1,0
BRDA:48,3,0,0
BRDA:48,3,1,0
BRDA:68,4,0,0
BRDA:68,4,1,0
BRF:10
BRH:0
end_of_record
TN:
SF:src\api\v1\controllers\retailer\review.controller.js
FN:5,(anonymous_0)
FNF:1
FNH:0
FNDA:0,(anonymous_0)
DA:2,3
DA:5,3
DA:6,0
DA:7,0
DA:10,0
DA:11,0
DA:15,0
DA:16,0
DA:19,0
DA:20,0
DA:22,0
DA:29,0
DA:31,0
DA:32,0
LF:14
LH:2
BRDA:11,0,0,0
BRDA:11,0,1,0
BRDA:15,1,0,0
BRDA:15,1,1,0
BRDA:15,2,0,0
BRDA:15,2,1,0
BRDA:20,3,0,0
BRDA:20,3,1,0
BRF:8
BRH:0
end_of_record
TN:
SF:src\api\v1\controllers\retailer\wishlist.controller.js
FN:5,(anonymous_0)
FN:35,(anonymous_1)
FN:52,(anonymous_2)
FNF:3
FNH:0
FNDA:0,(anonymous_0)
FNDA:0,(anonymous_1)
FNDA:0,(anonymous_2)
DA:2,3
DA:5,3
DA:6,0
DA:7,0
DA:8,0
DA:10,0
DA:11,0
DA:12,0
DA:14,0
DA:18,0
DA:19,0
DA:22,0
DA:27,0
DA:29,0
DA:30,0
DA:35,3
DA:36,0
DA:37,0
DA:39,0
DA:44,0
DA:46,0
DA:47,0
DA:52,3
DA:53,0
DA:54,0
DA:55,0
DA:57,0
DA:61,0
DA:63,0
DA:65,0
DA:67,0
DA:68,0
LF:32
LH:4
BRDA:8,0,0,0
BRDA:8,0,1,0
BRDA:12,1,0,0
BRDA:12,1,1,0
BRDA:18,2,0,0
BRDA:18,2,1,0
BRDA:61,3,0,0
BRDA:61,3,1,0
BRF:8
BRH:0
end_of_record
TN:
SF:src\api\v1\utils\test.server.js
FN:16,createServer
FN:25,(anonymous_1)
FN:43,validateRequest
FN:44,(anonymous_3)
FN:52,(anonymous_4)
FN:107,(anonymous_5)
FN:112,(anonymous_6)
FNF:7
FNH:5
FNDA:3,createServer
FNDA:23,(anonymous_1)
FNDA:12,validateRequest
FNDA:19,(anonymous_3)
FNDA:11,(anonymous_4)
FNDA:0,(anonymous_5)
FNDA:0,(anonymous_6)
DA:17,3
DA:20,3
DA:21,3
DA:22,3
DA:25,3
DA:26,23
DA:27,23
DA:28,9
DA:29,9
DA:30,9
DA:32,0
DA:35,23
DA:44,12
DA:45,19
DA:46,0
DA:49,19
DA:51,19
DA:52,11
DA:57,8
DA:63,11
DA:69,3
DA:75,3
DA:84,3
DA:91,3
DA:94,3
DA:100,3
DA:107,3
DA:108,0
DA:112,3
DA:113,0
DA:114,0
DA:119,3
LF:32
LH:27
BRDA:27,0,0,9
BRDA:27,0,1,14
BRDA:45,1,0,0
BRDA:45,1,1,19
BRDA:51,2,0,8
BRDA:51,2,1,11
BRF:6
BRH:5
end_of_record
TN:
SF:src\api\v1\validators\index.js
FNF:0
FNH:0
DA:125,3
LF:1
LH:1
BRF:0
BRH:0
end_of_record
TN:
SF:src\api\v1\validators\auth\login.validators.js
FNF:0
FNH:0
DA:5,3
LF:1
LH:1
BRF:0
BRH:0
end_of_record
TN:
SF:src\api\v1\validators\auth\register.validators.js
FNF:0
FNH:0
DA:5,3
LF:1
LH:1
BRF:0
BRH:0
end_of_record
TN:
SF:src\api\v1\validators\brands\brands.validators.js
FNF:0
FNH:0
DA:3,3
DA:27,3
DA:47,3
LF:3
LH:3
BRF:0
BRH:0
end_of_record
TN:
SF:src\api\v1\validators\cart\cart.validators.js
FNF:0
FNH:0
DA:4,3
DA:13,3
DA:22,3
LF:3
LH:3
BRF:0
BRH:0
end_of_record
TN:
SF:src\api\v1\validators\cart\cartItem.validators.js
FNF:0
FNH:0
DA:5,3
DA:79,3
DA:93,3
LF:3
LH:3
BRF:0
BRH:0
end_of_record
TN:
SF:src\api\v1\validators\category\category.validators.js
FNF:0
FNH:0
DA:4,3
DA:46,3
DA:84,3
LF:3
LH:3
BRF:0
BRH:0
end_of_record
TN:
SF:src\api\v1\validators\coupon\coupon.validators.js
FNF:0
FNH:0
DA:5,3
DA:118,3
DA:229,3
LF:3
LH:3
BRF:0
BRH:0
end_of_record
TN:
SF:src\api\v1\validators\coupon\couponRedemption.validator.js
FNF:0
FNH:0
DA:5,3
DA:42,3
DA:54,3
DA:66,3
DA:78,3
LF:5
LH:5
BRF:0
BRH:0
end_of_record
TN:
SF:src\api\v1\validators\coupon\couponUser.validators.js
FNF:0
FNH:0
DA:5,3
DA:25,3
DA:37,3
DA:49,3
LF:4
LH:4
BRF:0
BRH:0
end_of_record
TN:
SF:src\api\v1\validators\discountRule\discountRule.validator.js
FNF:0
FNH:0
DA:4,3
DA:116,3
DA:226,3
LF:3
LH:3
BRF:0
BRH:0
end_of_record
TN:
SF:src\api\v1\validators\order\order.validators.js
FNF:0
FNH:0
DA:5,3
DA:76,3
DA:92,3
LF:3
LH:3
BRF:0
BRH:0
end_of_record
TN:
SF:src\api\v1\validators\order\orderItem.validators.js
FNF:0
FNH:0
DA:5,3
DA:79,3
DA:119,3
LF:3
LH:3
BRF:0
BRH:0
end_of_record
TN:
SF:src\api\v1\validators\product\product.validators.js
FNF:0
FNH:0
DA:4,3
DA:91,3
DA:174,3
LF:3
LH:3
BRF:0
BRH:0
end_of_record
TN:
SF:src\api\v1\validators\product\productAttributes\productAttributes.validators.js
FNF:0
FNH:0
DA:3,3
DA:33,3
DA:60,3
LF:3
LH:3
BRF:0
BRH:0
end_of_record
TN:
SF:src\api\v1\validators\product\productAttributesValues\productAttributesValues.validators.js
FNF:0
FNH:0
DA:3,3
DA:18,3
DA:31,3
DA:41,3
LF:4
LH:4
BRF:0
BRH:0
end_of_record
TN:
SF:src\api\v1\validators\product\productMedia\productMedia.validators.js
FNF:0
FNH:0
DA:3,3
DA:28,3
DA:51,3
LF:3
LH:3
BRF:0
BRH:0
end_of_record
TN:
SF:src\api\v1\validators\product\productMediaUrl\productMediaUrl.validators.js
FNF:0
FNH:0
DA:5,3
DA:29,3
DA:51,3
DA:61,3
LF:4
LH:4
BRF:0
BRH:0
end_of_record
TN:
SF:src\api\v1\validators\product\productReview\productReview.validators.js
FNF:0
FNH:0
DA:4,3
DA:54,3
DA:81,3
DA:91,3
LF:4
LH:4
BRF:0
BRH:0
end_of_record
TN:
SF:src\api\v1\validators\product\productVariant\productVariant.validators.js
FNF:0
FNH:0
DA:4,3
DA:126,3
DA:246,3
LF:3
LH:3
BRF:0
BRH:0
end_of_record
TN:
SF:src\api\v1\validators\product\productVariantAttributeValues\productVariantAttributeValues.validators.js
FNF:0
FNH:0
DA:3,3
DA:22,3
LF:2
LH:2
BRF:0
BRH:0
end_of_record
TN:
SF:src\api\v1\validators\profileAndAddress\address.validators.js
FNF:0
FNH:0
DA:3,3
DA:59,3
DA:105,3
LF:3
LH:3
BRF:0
BRH:0
end_of_record
TN:
SF:src\api\v1\validators\profileAndAddress\profile.validators.js
FNF:0
FNH:0
DA:5,3
LF:1
LH:1
BRF:0
BRH:0
end_of_record
TN:
SF:src\api\v1\validators\stockAlert\stockAlert.validators.js
FNF:0
FNH:0
DA:4,3
DA:37,3
DA:67,3
LF:3
LH:3
BRF:0
BRH:0
end_of_record
TN:
SF:src\api\v1\validators\wishList\wishList.validators.js
FNF:0
FNH:0
DA:4,3
DA:13,3
LF:2
LH:2
BRF:0
BRH:0
end_of_record
TN:
SF:src\api\v1\validators\wishList\wishListItem.validators.js
FNF:0
FNH:0
DA:5,3
DA:22,3
LF:2
LH:2
BRF:0
BRH:0
end_of_record
TN:
SF:src\config\db.js
FNF:0
FNH:0
DA:6,3
DA:7,3
DA:13,3
DA:14,3
DA:15,3
DA:16,3
DA:17,3
DA:19,3
LF:8
LH:8
BRDA:21,0,0,3
BRDA:21,0,1,0
BRDA:22,1,0,3
BRDA:22,1,1,0
BRDA:23,2,0,3
BRDA:23,2,1,0
BRDA:24,3,0,3
BRDA:24,3,1,0
BRDA:25,4,0,3
BRDA:25,4,1,0
BRDA:26,5,0,3
BRDA:26,5,1,0
BRDA:29,6,0,3
BRDA:29,6,1,0
BRDA:30,7,0,3
BRDA:30,7,1,0
BRDA:31,8,0,3
BRDA:31,8,1,0
BRDA:32,9,0,3
BRDA:32,9,1,0
BRDA:33,10,0,3
BRDA:33,10,1,0
BRDA:34,11,0,3
BRDA:34,11,1,0
BRDA:41,12,0,3
BRDA:41,12,1,0
BRDA:42,13,0,3
BRDA:42,13,1,0
BRF:28
BRH:14
end_of_record
TN:
SF:src\constants\message.js
FN:6,(anonymous_0)
FN:13,(anonymous_1)
FN:18,(anonymous_2)
FN:23,(anonymous_3)
FN:28,(anonymous_4)
FN:32,(anonymous_5)
FNF:6
FNH:2
FNDA:0,(anonymous_0)
FNDA:2,(anonymous_1)
FNDA:0,(anonymous_2)
FNDA:0,(anonymous_3)
FNDA:0,(anonymous_4)
FNDA:1407,(anonymous_5)
DA:1,3
DA:6,0
DA:13,2
DA:18,0
DA:23,0
DA:28,0
DA:32,1407
DA:36,3
LF:8
LH:4
BRF:0
BRH:0
end_of_record
TN:
SF:src\constants\roles\roles.js
FNF:0
FNH:0
DA:7,3
DA:13,3
LF:2
LH:2
BRF:0
BRH:0
end_of_record
TN:
SF:src\middleware\jwt.middleware.js
FN:16,(anonymous_0)
FN:28,(anonymous_1)
FNF:2
FNH:1
FNDA:2,(anonymous_0)
FNDA:0,(anonymous_1)
DA:7,3
DA:13,3
DA:16,3
DA:18,2
DA:20,2
DA:23,2
DA:24,2
DA:28,3
DA:30,0
DA:32,0
DA:33,0
DA:38,0
DA:40,0
DA:41,0
DA:42,0
DA:44,0
DA:45,0
LF:17
LH:8
BRDA:13,0,0,3
BRDA:13,0,1,0
BRDA:32,1,0,0
BRDA:32,1,1,0
BRF:4
BRH:1
end_of_record
TN:
SF:src\models\address.model.js
FN:3,(anonymous_0)
FN:57,(anonymous_1)
FNF:2
FNH:2
FNDA:3,(anonymous_0)
FNDA:3,(anonymous_1)
DA:4,3
DA:57,3
DA:59,3
DA:60,3
DA:63,3
LF:5
LH:5
BRF:0
BRH:0
end_of_record
TN:
SF:src\models\cart.model.js
FN:3,(anonymous_0)
FN:23,(anonymous_1)
FNF:2
FNH:2
FNDA:3,(anonymous_0)
FNDA:3,(anonymous_1)
DA:4,3
DA:23,3
DA:25,3
DA:28,3
LF:4
LH:4
BRF:0
BRH:0
end_of_record
TN:
SF:src\models\cartItem.model.js
FN:3,(anonymous_0)
FN:51,(anonymous_1)
FNF:2
FNH:2
FNDA:3,(anonymous_0)
FNDA:3,(anonymous_1)
DA:4,3
DA:51,3
DA:53,3
DA:54,3
DA:58,3
DA:64,3
LF:6
LH:6
BRF:0
BRH:0
end_of_record
TN:
SF:src\models\category.model.js
FN:3,(anonymous_0)
FN:35,(anonymous_1)
FNF:2
FNH:2
FNDA:3,(anonymous_0)
FNDA:3,(anonymous_1)
DA:4,3
DA:35,3
DA:36,3
DA:40,3
DA:44,3
DA:48,3
DA:51,3
LF:7
LH:7
BRF:0
BRH:0
end_of_record
TN:
SF:src\models\coupon.model.js
FN:3,(anonymous_0)
FN:53,(anonymous_1)
FNF:2
FNH:2
FNDA:3,(anonymous_0)
FNDA:3,(anonymous_1)
DA:4,3
DA:53,3
DA:54,3
DA:55,3
DA:58,3
DA:59,3
DA:60,3
DA:64,3
DA:67,3
LF:9
LH:9
BRF:0
BRH:0
end_of_record
TN:
SF:src\models\couponRedemption.model.js
FN:3,(anonymous_0)
FN:39,(anonymous_1)
FNF:2
FNH:2
FNDA:3,(anonymous_0)
FNDA:3,(anonymous_1)
DA:4,3
DA:39,3
DA:40,3
DA:44,3
DA:48,3
DA:54,3
LF:6
LH:6
BRF:0
BRH:0
end_of_record
TN:
SF:src\models\couponUser.model.js
FN:3,(anonymous_0)
FN:32,(anonymous_1)
FNF:2
FNH:2
FNDA:3,(anonymous_0)
FNDA:3,(anonymous_1)
DA:4,3
DA:32,3
DA:33,3
DA:34,3
DA:37,3
LF:5
LH:5
BRF:0
BRH:0
end_of_record
TN:
SF:src\models\discountRule.model.js
FN:3,(anonymous_0)
FN:80,(anonymous_1)
FNF:2
FNH:2
FNDA:3,(anonymous_0)
FNDA:3,(anonymous_1)
DA:4,3
DA:80,3
DA:81,3
DA:82,3
DA:83,3
DA:84,3
DA:87,3
DA:91,3
DA:97,3
LF:9
LH:9
BRF:0
BRH:0
end_of_record
TN:
SF:src\models\index.js
FN:107,(anonymous_0)
FNF:1
FNH:1
FNDA:78,(anonymous_0)
DA:8,3
DA:9,3
DA:14,3
DA:15,3
DA:18,3
DA:20,3
DA:21,0
DA:27,3
DA:36,3
DA:48,3
DA:79,3
DA:80,3
DA:81,3
DA:82,3
DA:83,3
DA:84,3
DA:85,3
DA:86,3
DA:87,3
DA:88,3
DA:89,3
DA:90,3
DA:91,3
DA:92,3
DA:93,3
DA:94,3
DA:95,3
DA:96,3
DA:97,3
DA:98,3
DA:99,3
DA:100,3
DA:101,3
DA:102,3
DA:103,3
DA:104,3
DA:107,3
DA:108,78
DA:112,78
DA:116,3
LF:40
LH:39
BRDA:14,0,0,3
BRDA:14,0,1,0
BRDA:20,1,0,0
BRDA:20,1,1,3
BRDA:108,2,0,78
BRDA:108,2,1,0
BRDA:109,3,0,78
BRDA:109,3,1,78
BRF:8
BRH:5
end_of_record
TN:
SF:src\models\order.model.js
FN:3,(anonymous_0)
FN:103,(anonymous_1)
FNF:2
FNH:2
FNDA:3,(anonymous_0)
FNDA:3,(anonymous_1)
DA:4,3
DA:97,3
DA:103,3
DA:105,3
DA:106,3
DA:110,3
DA:114,3
DA:118,3
DA:124,3
LF:9
LH:9
BRF:0
BRH:0
end_of_record
TN:
SF:src\models\orderItem.model.js
FN:3,(anonymous_0)
FN:52,(anonymous_1)
FNF:2
FNH:2
FNDA:3,(anonymous_0)
FNDA:3,(anonymous_1)
DA:4,3
DA:52,3
DA:54,3
DA:55,3
DA:59,3
DA:65,3
LF:6
LH:6
BRF:0
BRH:0
end_of_record
TN:
SF:src\models\owner.model.js
FN:3,(anonymous_0)
FN:49,(anonymous_1)
FNF:2
FNH:2
FNDA:3,(anonymous_0)
FNDA:3,(anonymous_1)
DA:4,3
DA:49,3
DA:51,3
DA:52,3
DA:55,3
LF:5
LH:5
BRF:0
BRH:0
end_of_record
TN:
SF:src\models\payment.model.js
FN:3,(anonymous_0)
FN:57,(anonymous_1)
FNF:2
FNH:2
FNDA:3,(anonymous_0)
FNDA:3,(anonymous_1)
DA:4,3
DA:57,3
DA:58,3
DA:59,3
DA:62,3
LF:5
LH:5
BRF:0
BRH:0
end_of_record
TN:
SF:src\models\product.model.js
FN:3,(anonymous_0)
FN:78,(anonymous_1)
FNF:2
FNH:2
FNDA:3,(anonymous_0)
FNDA:3,(anonymous_1)
DA:4,3
DA:78,3
DA:80,3
DA:84,3
DA:85,3
DA:86,3
DA:90,3
DA:94,3
DA:98,3
DA:102,3
DA:106,3
DA:112,3
LF:12
LH:12
BRF:0
BRH:0
end_of_record
TN:
SF:src\models\productAttributes.model.js
FN:3,(anonymous_0)
FN:28,(anonymous_1)
FNF:2
FNH:2
FNDA:3,(anonymous_0)
FNDA:3,(anonymous_1)
DA:4,3
DA:28,3
DA:29,3
DA:33,3
DA:39,3
LF:5
LH:5
BRF:0
BRH:0
end_of_record
TN:
SF:src\models\productAttributesValues.model.js
FN:3,(anonymous_0)
FN:43,(anonymous_1)
FNF:2
FNH:2
FNDA:3,(anonymous_0)
FNDA:3,(anonymous_1)
DA:4,3
DA:43,3
DA:44,3
DA:50,3
DA:58,3
LF:5
LH:5
BRF:0
BRH:0
end_of_record
TN:
SF:src\models\productBrand.model.js
FN:3,(anonymous_0)
FN:29,(anonymous_1)
FNF:2
FNH:2
FNDA:3,(anonymous_0)
FNDA:3,(anonymous_1)
DA:4,3
DA:29,3
DA:30,3
DA:31,3
DA:32,3
DA:35,3
LF:6
LH:6
BRF:0
BRH:0
end_of_record
TN:
SF:src\models\productMedia.model.js
FN:3,(anonymous_0)
FN:33,(anonymous_1)
FNF:2
FNH:2
FNDA:3,(anonymous_0)
FNDA:3,(anonymous_1)
DA:4,3
DA:33,3
DA:34,3
DA:35,3
DA:38,3
DA:42,3
DA:48,3
LF:7
LH:7
BRF:0
BRH:0
end_of_record
TN:
SF:src\models\productMediaURL.model.js
FN:3,(anonymous_0)
FN:33,(anonymous_1)
FNF:2
FNH:2
FNDA:3,(anonymous_0)
FNDA:3,(anonymous_1)
DA:4,3
DA:33,3
DA:34,3
DA:37,3
DA:41,3
DA:47,3
LF:6
LH:6
BRF:0
BRH:0
end_of_record
TN:
SF:src\models\productReview.model.js
FN:3,(anonymous_0)
FN:43,(anonymous_1)
FNF:2
FNH:2
FNDA:3,(anonymous_0)
FNDA:3,(anonymous_1)
DA:4,3
DA:43,3
DA:44,3
DA:45,3
DA:48,3
DA:52,3
DA:56,3
DA:62,3
LF:8
LH:8
BRF:0
BRH:0
end_of_record
TN:
SF:src\models\productVariants.model.js
FN:3,(anonymous_0)
FN:46,(anonymous_1)
FNF:2
FNH:2
FNDA:3,(anonymous_0)
FNDA:3,(anonymous_1)
DA:4,3
DA:46,3
DA:48,3
DA:52,3
DA:58,3
DA:63,3
DA:67,3
DA:73,3
DA:76,3
DA:81,3
LF:10
LH:10
BRF:0
BRH:0
end_of_record
TN:
SF:src\models\stockAlert.model.js
FN:3,(anonymous_0)
FN:43,(anonymous_1)
FNF:2
FNH:2
FNDA:3,(anonymous_0)
FNDA:3,(anonymous_1)
DA:4,3
DA:43,3
DA:44,3
DA:45,3
DA:49,3
DA:55,3
LF:6
LH:6
BRF:0
BRH:0
end_of_record
TN:
SF:src\models\store.model.js
FN:3,(anonymous_0)
FN:27,(anonymous_1)
FNF:2
FNH:2
FNDA:3,(anonymous_0)
FNDA:3,(anonymous_1)
DA:4,3
DA:27,3
DA:28,3
DA:31,3
LF:4
LH:4
BRF:0
BRH:0
end_of_record
TN:
SF:src\models\user.model.js
FN:3,(anonymous_0)
FN:56,(anonymous_1)
FNF:2
FNH:2
FNDA:3,(anonymous_0)
FNDA:3,(anonymous_1)
DA:4,3
DA:56,3
DA:57,3
DA:58,3
DA:59,3
DA:60,3
DA:61,3
DA:62,3
DA:66,3
DA:72,3
LF:10
LH:10
BRF:0
BRH:0
end_of_record
TN:
SF:src\models\variantAttributeValue.model.js
FN:3,(anonymous_0)
FN:28,(anonymous_1)
FNF:2
FNH:2
FNDA:3,(anonymous_0)
FNDA:3,(anonymous_1)
DA:4,3
DA:28,3
DA:29,3
DA:32,3
DA:35,3
DA:39,3
DA:45,3
LF:7
LH:7
BRF:0
BRH:0
end_of_record
TN:
SF:src\models\wishListItem.model.js
FN:3,(anonymous_0)
FN:31,(anonymous_1)
FNF:2
FNH:2
FNDA:3,(anonymous_0)
FNDA:3,(anonymous_1)
DA:4,3
DA:31,3
DA:32,3
DA:36,3
DA:40,3
DA:46,3
LF:6
LH:6
BRF:0
BRH:0
end_of_record
TN:
SF:src\models\wishlist.model.js
FN:3,(anonymous_0)
FN:23,(anonymous_1)
FNF:2
FNH:2
FNDA:3,(anonymous_0)
FNDA:3,(anonymous_1)
DA:4,3
DA:23,3
DA:24,3
DA:27,3
LF:4
LH:4
BRF:0
BRH:0
end_of_record
TN:
SF:src\services\index.js
FNF:0
FNH:0
DA:4,3
LF:1
LH:1
BRF:0
BRH:0
end_of_record
TN:
SF:src\services\auth\auth.service.js
FN:6,(anonymous_0)
FN:19,(anonymous_1)
FN:31,(anonymous_2)
FN:49,(anonymous_3)
FNF:4
FNH:1
FNDA:0,(anonymous_0)
FNDA:0,(anonymous_1)
FNDA:0,(anonymous_2)
FNDA:3,(anonymous_3)
DA:2,3
DA:6,3
DA:7,0
DA:8,0
DA:9,0
DA:10,0
DA:12,0
DA:14,0
DA:19,3
DA:20,0
DA:21,0
DA:22,0
DA:23,0
DA:25,0
DA:27,0
DA:31,3
DA:32,0
DA:33,0
DA:34,0
DA:35,0
DA:37,0
DA:39,0
DA:49,3
DA:50,3
DA:51,3
DA:54,3
DA:55,3
DA:59,3
DA:60,1
DA:65,2
DA:66,2
DA:70,2
DA:71,1
DA:76,1
DA:78,0
DA:79,0
LF:36
LH:16
BRDA:8,0,0,0
BRDA:8,0,1,0
BRDA:21,1,0,0
BRDA:21,1,1,0
BRDA:33,2,0,0
BRDA:33,2,1,0
BRDA:51,3,0,0
BRDA:51,3,1,3
BRDA:51,4,0,3
BRDA:51,4,1,0
BRDA:54,5,0,3
BRDA:54,5,1,0
BRDA:59,6,0,1
BRDA:59,6,1,2
BRDA:65,7,0,2
BRDA:65,7,1,0
BRDA:70,8,0,1
BRDA:70,8,1,1
BRF:18
BRH:8
end_of_record
TN:
SF:src\utils\orderUtils.js
FN:11,(anonymous_0)
FN:44,(anonymous_1)
FN:67,(anonymous_2)
FNF:3
FNH:0
FNDA:0,(anonymous_0)
FNDA:0,(anonymous_1)
FNDA:0,(anonymous_2)
DA:4,3
DA:11,3
DA:13,0
DA:14,0
DA:15,0
DA:16,0
DA:17,0
DA:20,0
DA:23,0
DA:26,0
DA:31,0
DA:32,0
DA:35,0
DA:44,3
DA:46,0
DA:47,0
DA:51,0
DA:54,0
DA:55,0
DA:56,0
DA:59,0
DA:67,3
DA:69,0
DA:70,0
LF:24
LH:4
BRDA:31,0,0,0
BRDA:31,0,1,0
BRDA:46,1,0,0
BRDA:46,1,1,0
BRDA:55,2,0,0
BRDA:55,2,1,0
BRF:6
BRH:0
end_of_record
