TN:
SF:src\api\v1\controllers\auth\login.controller.js
FN:11,(anonymous_0)
FNF:1
FNH:1
FNDA:5,(anonymous_0)
DA:3,2
DA:11,2
DA:12,5
DA:13,5
DA:16,5
DA:18,4
DA:19,1
DA:25,3
DA:26,3
DA:27,1
DA:33,2
DA:35,2
DA:40,1
DA:41,1
LF:14
LH:14
BRDA:18,0,0,1
BRDA:18,0,1,3
BRDA:26,1,0,1
BRDA:26,1,1,2
BRF:4
BRH:4
end_of_record
TN:
SF:src\api\v1\controllers\auth\register.controller.js
FN:8,(anonymous_0)
FN:55,(anonymous_1)
FNF:2
FNH:1
FNDA:3,(anonymous_0)
FNDA:0,(anonymous_1)
DA:6,2
DA:8,2
DA:9,3
DA:10,3
DA:13,3
DA:17,3
DA:18,2
DA:19,1
DA:22,1
DA:23,1
DA:32,1
DA:35,1
DA:44,1
DA:45,1
DA:47,1
DA:52,0
DA:54,0
DA:55,0
DA:56,0
DA:61,0
LF:20
LH:15
BRDA:17,0,0,2
BRDA:17,0,1,1
BRDA:18,1,0,1
BRDA:18,1,1,1
BRDA:22,2,0,1
BRDA:22,2,1,0
BRDA:54,3,0,0
BRDA:54,3,1,0
BRF:8
BRH:5
end_of_record
TN:
SF:src\api\v1\utils\test.server.js
FN:14,createServer
FN:27,validateRequest
FN:28,(anonymous_2)
FN:32,(anonymous_3)
FN:58,(anonymous_4)
FN:63,(anonymous_5)
FNF:6
FNH:4
FNDA:2,createServer
FNDA:4,validateRequest
FNDA:14,(anonymous_2)
FNDA:7,(anonymous_3)
FNDA:0,(anonymous_4)
FNDA:0,(anonymous_5)
DA:15,2
DA:18,2
DA:19,2
DA:20,2
DA:28,4
DA:29,14
DA:31,14
DA:32,7
DA:37,6
DA:43,8
DA:49,2
DA:55,2
DA:58,2
DA:59,0
DA:63,2
DA:64,0
DA:65,0
DA:68,2
LF:18
LH:15
BRDA:31,0,0,6
BRDA:31,0,1,8
BRF:2
BRH:2
end_of_record
TN:
SF:src\api\v1\validators\auth\login.validators.js
FNF:0
FNH:0
DA:5,2
LF:1
LH:1
BRF:0
BRH:0
end_of_record
TN:
SF:src\api\v1\validators\auth\register.validators.js
FNF:0
FNH:0
DA:5,2
LF:1
LH:1
BRF:0
BRH:0
end_of_record
TN:
SF:src\config\db.js
FNF:0
FNH:0
DA:6,2
DA:7,2
DA:13,2
DA:14,2
DA:15,2
DA:16,2
DA:17,2
DA:19,2
LF:8
LH:8
BRDA:21,0,0,2
BRDA:21,0,1,0
BRDA:22,1,0,2
BRDA:22,1,1,0
BRDA:23,2,0,2
BRDA:23,2,1,0
BRDA:24,3,0,2
BRDA:24,3,1,0
BRDA:25,4,0,2
BRDA:25,4,1,0
BRDA:26,5,0,2
BRDA:26,5,1,0
BRDA:29,6,0,2
BRDA:29,6,1,0
BRDA:30,7,0,2
BRDA:30,7,1,0
BRDA:31,8,0,2
BRDA:31,8,1,0
BRDA:32,9,0,2
BRDA:32,9,1,0
BRDA:33,10,0,2
BRDA:33,10,1,0
BRDA:34,11,0,2
BRDA:34,11,1,0
BRDA:41,12,0,2
BRDA:41,12,1,0
BRDA:42,13,0,2
BRDA:42,13,1,0
BRF:28
BRH:14
end_of_record
TN:
SF:src\constants\message.js
FN:6,(anonymous_0)
FN:13,(anonymous_1)
FN:18,(anonymous_2)
FN:23,(anonymous_3)
FN:28,(anonymous_4)
FN:32,(anonymous_5)
FNF:6
FNH:2
FNDA:0,(anonymous_0)
FNDA:2,(anonymous_1)
FNDA:0,(anonymous_2)
FNDA:0,(anonymous_3)
FNDA:0,(anonymous_4)
FNDA:3,(anonymous_5)
DA:1,2
DA:6,0
DA:13,2
DA:18,0
DA:23,0
DA:28,0
DA:32,3
DA:36,2
LF:8
LH:4
BRF:0
BRH:0
end_of_record
TN:
SF:src\constants\roles\roles.js
FNF:0
FNH:0
DA:7,2
DA:13,2
LF:2
LH:2
BRF:0
BRH:0
end_of_record
TN:
SF:src\middleware\jwt.middleware.js
FN:16,(anonymous_0)
FN:28,(anonymous_1)
FNF:2
FNH:1
FNDA:2,(anonymous_0)
FNDA:0,(anonymous_1)
DA:7,2
DA:13,2
DA:16,2
DA:18,2
DA:20,2
DA:23,2
DA:24,2
DA:28,2
DA:30,0
DA:32,0
DA:33,0
DA:38,0
DA:40,0
DA:41,0
DA:42,0
DA:44,0
DA:45,0
LF:17
LH:8
BRDA:13,0,0,2
BRDA:13,0,1,0
BRDA:32,1,0,0
BRDA:32,1,1,0
BRF:4
BRH:1
end_of_record
TN:
SF:src\models\address.model.js
FN:3,(anonymous_0)
FN:57,(anonymous_1)
FNF:2
FNH:2
FNDA:2,(anonymous_0)
FNDA:2,(anonymous_1)
DA:4,2
DA:57,2
DA:59,2
DA:60,2
DA:63,2
LF:5
LH:5
BRF:0
BRH:0
end_of_record
TN:
SF:src\models\cart.model.js
FN:3,(anonymous_0)
FN:23,(anonymous_1)
FNF:2
FNH:2
FNDA:2,(anonymous_0)
FNDA:2,(anonymous_1)
DA:4,2
DA:23,2
DA:25,2
DA:28,2
LF:4
LH:4
BRF:0
BRH:0
end_of_record
TN:
SF:src\models\cartItem.model.js
FN:3,(anonymous_0)
FN:51,(anonymous_1)
FNF:2
FNH:2
FNDA:2,(anonymous_0)
FNDA:2,(anonymous_1)
DA:4,2
DA:51,2
DA:53,2
DA:54,2
DA:58,2
DA:64,2
LF:6
LH:6
BRF:0
BRH:0
end_of_record
TN:
SF:src\models\category.model.js
FN:3,(anonymous_0)
FN:35,(anonymous_1)
FNF:2
FNH:2
FNDA:2,(anonymous_0)
FNDA:2,(anonymous_1)
DA:4,2
DA:35,2
DA:36,2
DA:40,2
DA:44,2
DA:48,2
DA:51,2
LF:7
LH:7
BRF:0
BRH:0
end_of_record
TN:
SF:src\models\coupon.model.js
FN:3,(anonymous_0)
FN:53,(anonymous_1)
FNF:2
FNH:2
FNDA:2,(anonymous_0)
FNDA:2,(anonymous_1)
DA:4,2
DA:53,2
DA:54,2
DA:55,2
DA:58,2
DA:59,2
DA:60,2
DA:64,2
DA:67,2
LF:9
LH:9
BRF:0
BRH:0
end_of_record
TN:
SF:src\models\couponRedemption.model.js
FN:3,(anonymous_0)
FN:39,(anonymous_1)
FNF:2
FNH:2
FNDA:2,(anonymous_0)
FNDA:2,(anonymous_1)
DA:4,2
DA:39,2
DA:40,2
DA:44,2
DA:48,2
DA:54,2
LF:6
LH:6
BRF:0
BRH:0
end_of_record
TN:
SF:src\models\couponUser.model.js
FN:3,(anonymous_0)
FN:32,(anonymous_1)
FNF:2
FNH:2
FNDA:2,(anonymous_0)
FNDA:2,(anonymous_1)
DA:4,2
DA:32,2
DA:33,2
DA:34,2
DA:37,2
LF:5
LH:5
BRF:0
BRH:0
end_of_record
TN:
SF:src\models\discountRule.model.js
FN:3,(anonymous_0)
FN:80,(anonymous_1)
FNF:2
FNH:2
FNDA:2,(anonymous_0)
FNDA:2,(anonymous_1)
DA:4,2
DA:80,2
DA:81,2
DA:82,2
DA:83,2
DA:84,2
DA:87,2
DA:91,2
DA:97,2
LF:9
LH:9
BRF:0
BRH:0
end_of_record
TN:
SF:src\models\index.js
FN:107,(anonymous_0)
FNF:1
FNH:1
FNDA:52,(anonymous_0)
DA:8,2
DA:9,2
DA:14,2
DA:15,2
DA:18,2
DA:20,2
DA:21,0
DA:27,2
DA:36,2
DA:48,2
DA:79,2
DA:80,2
DA:81,2
DA:82,2
DA:83,2
DA:84,2
DA:85,2
DA:86,2
DA:87,2
DA:88,2
DA:89,2
DA:90,2
DA:91,2
DA:92,2
DA:93,2
DA:94,2
DA:95,2
DA:96,2
DA:97,2
DA:98,2
DA:99,2
DA:100,2
DA:101,2
DA:102,2
DA:103,2
DA:104,2
DA:107,2
DA:108,52
DA:112,52
DA:116,2
LF:40
LH:39
BRDA:14,0,0,2
BRDA:14,0,1,0
BRDA:20,1,0,0
BRDA:20,1,1,2
BRDA:108,2,0,52
BRDA:108,2,1,0
BRDA:109,3,0,52
BRDA:109,3,1,52
BRF:8
BRH:5
end_of_record
TN:
SF:src\models\order.model.js
FN:3,(anonymous_0)
FN:103,(anonymous_1)
FNF:2
FNH:2
FNDA:2,(anonymous_0)
FNDA:2,(anonymous_1)
DA:4,2
DA:97,2
DA:103,2
DA:105,2
DA:106,2
DA:110,2
DA:114,2
DA:118,2
DA:124,2
LF:9
LH:9
BRF:0
BRH:0
end_of_record
TN:
SF:src\models\orderItem.model.js
FN:3,(anonymous_0)
FN:52,(anonymous_1)
FNF:2
FNH:2
FNDA:2,(anonymous_0)
FNDA:2,(anonymous_1)
DA:4,2
DA:52,2
DA:54,2
DA:55,2
DA:59,2
DA:65,2
LF:6
LH:6
BRF:0
BRH:0
end_of_record
TN:
SF:src\models\owner.model.js
FN:3,(anonymous_0)
FN:49,(anonymous_1)
FNF:2
FNH:2
FNDA:2,(anonymous_0)
FNDA:2,(anonymous_1)
DA:4,2
DA:49,2
DA:51,2
DA:52,2
DA:55,2
LF:5
LH:5
BRF:0
BRH:0
end_of_record
TN:
SF:src\models\payment.model.js
FN:3,(anonymous_0)
FN:57,(anonymous_1)
FNF:2
FNH:2
FNDA:2,(anonymous_0)
FNDA:2,(anonymous_1)
DA:4,2
DA:57,2
DA:58,2
DA:59,2
DA:62,2
LF:5
LH:5
BRF:0
BRH:0
end_of_record
TN:
SF:src\models\product.model.js
FN:3,(anonymous_0)
FN:78,(anonymous_1)
FNF:2
FNH:2
FNDA:2,(anonymous_0)
FNDA:2,(anonymous_1)
DA:4,2
DA:78,2
DA:80,2
DA:84,2
DA:85,2
DA:86,2
DA:90,2
DA:94,2
DA:98,2
DA:102,2
DA:106,2
DA:112,2
LF:12
LH:12
BRF:0
BRH:0
end_of_record
TN:
SF:src\models\productAttributes.model.js
FN:3,(anonymous_0)
FN:28,(anonymous_1)
FNF:2
FNH:2
FNDA:2,(anonymous_0)
FNDA:2,(anonymous_1)
DA:4,2
DA:28,2
DA:29,2
DA:33,2
DA:39,2
LF:5
LH:5
BRF:0
BRH:0
end_of_record
TN:
SF:src\models\productAttributesValues.model.js
FN:3,(anonymous_0)
FN:43,(anonymous_1)
FNF:2
FNH:2
FNDA:2,(anonymous_0)
FNDA:2,(anonymous_1)
DA:4,2
DA:43,2
DA:44,2
DA:50,2
DA:58,2
LF:5
LH:5
BRF:0
BRH:0
end_of_record
TN:
SF:src\models\productBrand.model.js
FN:3,(anonymous_0)
FN:29,(anonymous_1)
FNF:2
FNH:2
FNDA:2,(anonymous_0)
FNDA:2,(anonymous_1)
DA:4,2
DA:29,2
DA:30,2
DA:31,2
DA:32,2
DA:35,2
LF:6
LH:6
BRF:0
BRH:0
end_of_record
TN:
SF:src\models\productMedia.model.js
FN:3,(anonymous_0)
FN:33,(anonymous_1)
FNF:2
FNH:2
FNDA:2,(anonymous_0)
FNDA:2,(anonymous_1)
DA:4,2
DA:33,2
DA:34,2
DA:35,2
DA:38,2
DA:42,2
DA:48,2
LF:7
LH:7
BRF:0
BRH:0
end_of_record
TN:
SF:src\models\productMediaURL.model.js
FN:3,(anonymous_0)
FN:33,(anonymous_1)
FNF:2
FNH:2
FNDA:2,(anonymous_0)
FNDA:2,(anonymous_1)
DA:4,2
DA:33,2
DA:34,2
DA:37,2
DA:41,2
DA:47,2
LF:6
LH:6
BRF:0
BRH:0
end_of_record
TN:
SF:src\models\productReview.model.js
FN:3,(anonymous_0)
FN:43,(anonymous_1)
FNF:2
FNH:2
FNDA:2,(anonymous_0)
FNDA:2,(anonymous_1)
DA:4,2
DA:43,2
DA:44,2
DA:45,2
DA:48,2
DA:52,2
DA:56,2
DA:62,2
LF:8
LH:8
BRF:0
BRH:0
end_of_record
TN:
SF:src\models\productVariants.model.js
FN:3,(anonymous_0)
FN:46,(anonymous_1)
FNF:2
FNH:2
FNDA:2,(anonymous_0)
FNDA:2,(anonymous_1)
DA:4,2
DA:46,2
DA:48,2
DA:52,2
DA:58,2
DA:63,2
DA:67,2
DA:73,2
DA:76,2
DA:81,2
LF:10
LH:10
BRF:0
BRH:0
end_of_record
TN:
SF:src\models\stockAlert.model.js
FN:3,(anonymous_0)
FN:43,(anonymous_1)
FNF:2
FNH:2
FNDA:2,(anonymous_0)
FNDA:2,(anonymous_1)
DA:4,2
DA:43,2
DA:44,2
DA:45,2
DA:49,2
DA:55,2
LF:6
LH:6
BRF:0
BRH:0
end_of_record
TN:
SF:src\models\store.model.js
FN:3,(anonymous_0)
FN:27,(anonymous_1)
FNF:2
FNH:2
FNDA:2,(anonymous_0)
FNDA:2,(anonymous_1)
DA:4,2
DA:27,2
DA:28,2
DA:31,2
LF:4
LH:4
BRF:0
BRH:0
end_of_record
TN:
SF:src\models\user.model.js
FN:3,(anonymous_0)
FN:56,(anonymous_1)
FNF:2
FNH:2
FNDA:2,(anonymous_0)
FNDA:2,(anonymous_1)
DA:4,2
DA:56,2
DA:57,2
DA:58,2
DA:59,2
DA:60,2
DA:61,2
DA:62,2
DA:66,2
DA:72,2
LF:10
LH:10
BRF:0
BRH:0
end_of_record
TN:
SF:src\models\variantAttributeValue.model.js
FN:3,(anonymous_0)
FN:28,(anonymous_1)
FNF:2
FNH:2
FNDA:2,(anonymous_0)
FNDA:2,(anonymous_1)
DA:4,2
DA:28,2
DA:29,2
DA:32,2
DA:35,2
DA:39,2
DA:45,2
LF:7
LH:7
BRF:0
BRH:0
end_of_record
TN:
SF:src\models\wishListItem.model.js
FN:3,(anonymous_0)
FN:31,(anonymous_1)
FNF:2
FNH:2
FNDA:2,(anonymous_0)
FNDA:2,(anonymous_1)
DA:4,2
DA:31,2
DA:32,2
DA:36,2
DA:40,2
DA:46,2
LF:6
LH:6
BRF:0
BRH:0
end_of_record
TN:
SF:src\models\wishlist.model.js
FN:3,(anonymous_0)
FN:23,(anonymous_1)
FNF:2
FNH:2
FNDA:2,(anonymous_0)
FNDA:2,(anonymous_1)
DA:4,2
DA:23,2
DA:24,2
DA:27,2
LF:4
LH:4
BRF:0
BRH:0
end_of_record
TN:
SF:src\services\index.js
FNF:0
FNH:0
DA:4,2
LF:1
LH:1
BRF:0
BRH:0
end_of_record
TN:
SF:src\services\auth\auth.service.js
FN:6,(anonymous_0)
FN:19,(anonymous_1)
FN:31,(anonymous_2)
FN:49,(anonymous_3)
FNF:4
FNH:1
FNDA:0,(anonymous_0)
FNDA:0,(anonymous_1)
FNDA:0,(anonymous_2)
FNDA:3,(anonymous_3)
DA:2,2
DA:6,2
DA:7,0
DA:8,0
DA:9,0
DA:10,0
DA:12,0
DA:14,0
DA:19,2
DA:20,0
DA:21,0
DA:22,0
DA:23,0
DA:25,0
DA:27,0
DA:31,2
DA:32,0
DA:33,0
DA:34,0
DA:35,0
DA:37,0
DA:39,0
DA:49,2
DA:50,3
DA:51,3
DA:54,3
DA:55,3
DA:59,3
DA:60,1
DA:65,2
DA:66,2
DA:70,2
DA:71,1
DA:76,1
DA:78,0
DA:79,0
LF:36
LH:16
BRDA:8,0,0,0
BRDA:8,0,1,0
BRDA:21,1,0,0
BRDA:21,1,1,0
BRDA:33,2,0,0
BRDA:33,2,1,0
BRDA:51,3,0,0
BRDA:51,3,1,3
BRDA:51,4,0,3
BRDA:51,4,1,0
BRDA:54,5,0,3
BRDA:54,5,1,0
BRDA:59,6,0,1
BRDA:59,6,1,2
BRDA:65,7,0,2
BRDA:65,7,1,0
BRDA:70,8,0,1
BRDA:70,8,1,1
BRF:18
BRH:8
end_of_record
